<?xml version="1.0" encoding="UTF-8"?>
<!-- Generated by org.testng.reporters.JUnitReportReporter -->
<testsuite skipped="0" hostname="TTS-SCRIT-5" name="com.Screenit.version3.pages.SignUpPage" tests="1" failures="0" timestamp="06 Apr 2023 05:42:07 GMT" time="1.415" errors="0">
  <testcase name="signup" time="1.415" classname="com.Screenit.version3.pages.SignUpPage"/>
</testsuite> <!-- com.Screenit.version3.pages.SignUpPage -->
