<?xml version="1.0" encoding="UTF-8"?>
<!-- Generated by org.testng.reporters.JUnitReportReporter -->
<testsuite skipped="0" hostname="TTS-SCRIT-5" name="com.Screenit.version3.pages.LoginPage" tests="4" failures="0" timestamp="19 Apr 2023 07:00:48 GMT" time="3.004" errors="0">
  <testcase name="login" time="0.649" classname="com.Screenit.version3.pages.LoginPage"/>
  <testcase name="login" time="0.746" classname="com.Screenit.version3.pages.LoginPage"/>
  <testcase name="login" time="0.846" classname="com.Screenit.version3.pages.LoginPage"/>
  <testcase name="login" time="0.763" classname="com.Screenit.version3.pages.LoginPage"/>
</testsuite> <!-- com.Screenit.version3.pages.LoginPage -->
