<?xml version="1.0" encoding="UTF-8"?>
<!-- Generated by org.testng.reporters.JUnitReportReporter -->
<testsuite skipped="0" hostname="TTS-SCRIT-5" name="com.Screenit.version3.pages.RescheduleFlowForIAAS" tests="7" failures="0" timestamp="17 May 2023 12:50:45 GMT" time="269.596" errors="0">
  <testcase name="login" time="3.513" classname="com.Screenit.version3.pages.RescheduleFlowForIAAS"/>
  <testcase name="uploadIDFile" time="6.698" classname="com.Screenit.version3.pages.RescheduleFlowForIAAS"/>
  <testcase name="CreateInterviewerDescriptionID" time="24.985" classname="com.Screenit.version3.pages.RescheduleFlowForIAAS"/>
  <testcase name="UploadSingleResume" time="15.095" classname="com.Screenit.version3.pages.RescheduleFlowForIAAS"/>
  <testcase name="SelectSetavailability" time="15.977" classname="com.Screenit.version3.pages.RescheduleFlowForIAAS"/>
  <testcase name="JavaDeveloperPostStatus" time="59.643" classname="com.Screenit.version3.pages.RescheduleFlowForIAAS"/>
  <testcase name="PostRescheduleStatus" time="143.685" classname="com.Screenit.version3.pages.RescheduleFlowForIAAS"/>
</testsuite> <!-- com.Screenit.version3.pages.RescheduleFlowForIAAS -->
