<?xml version="1.0" encoding="UTF-8"?>
<!-- Generated by org.testng.reporters.JUnitReportReporter -->
<testsuite skipped="0" hostname="TTS-SCRIT-5" name="com.Screenit.version3.Test.ForgotPasswordTestForPostiveAndNegativeFlow" tests="3" failures="0" timestamp="11 Jul 2023 05:17:52 GMT" time="91.523" errors="0">
  <testcase name="forgetPassword" time="28.950" classname="com.Screenit.version3.Test.ForgotPasswordTestForPostiveAndNegativeFlow"/>
  <testcase name="forgetPassword" time="33.790" classname="com.Screenit.version3.Test.ForgotPasswordTestForPostiveAndNegativeFlow"/>
  <testcase name="forgetPassword" time="28.783" classname="com.Screenit.version3.Test.ForgotPasswordTestForPostiveAndNegativeFlow"/>
</testsuite> <!-- com.Screenit.version3.Test.ForgotPasswordTestForPostiveAndNegativeFlow -->
