<?xml version="1.0" encoding="UTF-8"?>
<!-- Generated by org.testng.reporters.JUnitReportReporter -->
<testsuite hostname="TTS-SCRIT-5" failures="0" tests="9" name="com.Screenit.version3.Test.HomePageTestForPostiveAndNegativeFlow" time="292.204" errors="0" timestamp="2023-08-01T16:00:06 IST" skipped="0">
  <testcase classname="com.Screenit.version3.Test.HomePageTestForPostiveAndNegativeFlow" name="login" time="16.933">
    <system-out>
      <![CDATA[Enter the Maild---------san111@screenit.io
Enter the Password-----Welcome@1
click the submit button
<a href='C:\Users\TTS-USER\AppData\Local\Temploginpagewithpostivedata---2023-08-01 15-55-27.png'> <img src='C:\Users\TTS-USER\AppData\Local\Temploginpagewithpostivedata---2023-08-01 15-55-27.png' height='100' width='100'/> </a>
succesfully login and navigate to the dashboard pagehttps://demo.screenit.io/#/dashboard_v3]]>
    </system-out>
  </testcase> <!-- login -->
  <testcase classname="com.Screenit.version3.Test.HomePageTestForPostiveAndNegativeFlow" name="HomepageFunctionality" time="8.109">
    <system-out>
      <![CDATA[Home icon is displayed or not-------true
Home button is displayed or not-------true
please check when clicking the Report button it shows ------Interview Report
please check when clicking the Report button it shows ------Schedulelist Report
upload button is displayed or not--------true
upload button is displayed or not--------true
bell notification is displayed or not--------true
profileicon is displayed or not--------true
profile lists are :----------Manage Profile
profile lists are :----------Account Setting
profile lists are :----------Signout
<a href='C:\Users\TTS-USER\AppData\Local\TempHomepagefunctionsdisplayed---2023-08-01 15-55-38.png'> <img src='C:\Users\TTS-USER\AppData\Local\TempHomepagefunctionsdisplayed---2023-08-01 15-55-38.png' height='100' width='100'/> </a>]]>
    </system-out>
  </testcase> <!-- HomepageFunctionality -->
  <testcase classname="com.Screenit.version3.Test.HomePageTestForPostiveAndNegativeFlow" name="PostFunctionality" time="6.387">
    <system-out>
      <![CDATA[post title is displayed or not-------true
check the PostTitle is ---------Recent JDs and IDs
total count of the post in the homepage-------10
<a href='C:\Users\TTS-USER\AppData\Local\TempTotalcountPostProfiles---2023-08-01 15-55-44.png'> <img src='C:\Users\TTS-USER\AppData\Local\TempTotalcountPostProfiles---2023-08-01 15-55-44.png' height='100' width='100'/> </a>]]>
    </system-out>
  </testcase> <!-- PostFunctionality -->
  <testcase classname="com.Screenit.version3.Test.HomePageTestForPostiveAndNegativeFlow" name="PagenationFunctionality" time="29.277">
    <system-out>
      <![CDATA[pagenation is displayed or not --------true
pagenation count of the page--10
pagenation count of the page--10
pagenation count of the page--10
pagenation count of the page--10
pagenation count of the page--10
pagenation count of the page--10
pagenation count of the page--10
pagenation count of the page--10
pagenation count of the page--10
pagenation count of the page--10
<a href='C:\Users\TTS-USER\AppData\Local\TempPagenationLists---2023-08-01 15-56-13.png'> <img src='C:\Users\TTS-USER\AppData\Local\TempPagenationLists---2023-08-01 15-56-13.png' height='100' width='100'/> </a>]]>
    </system-out>
  </testcase> <!-- PagenationFunctionality -->
  <testcase classname="com.Screenit.version3.Test.HomePageTestForPostiveAndNegativeFlow" name="SearchFunctionalityUsingTitle" time="16.360">
    <system-out>
      <![CDATA[search field is displayed or not----------true
Search field are working as excepted
Search field are working as excepted
Search field are working as excepted
Search field are working as excepted
Search field are working as excepted
Search field are working as excepted
Search field are working as excepted
Search field are working as excepted
Search field are working as excepted
Search field are working as excepted
<a href='C:\Users\TTS-USER\AppData\Local\TempSearchFieldForTitleLists---2023-08-01 15-56-30.png'> <img src='C:\Users\TTS-USER\AppData\Local\TempSearchFieldForTitleLists---2023-08-01 15-56-30.png' height='100' width='100'/> </a>]]>
    </system-out>
  </testcase> <!-- SearchFunctionalityUsingTitle -->
  <testcase classname="com.Screenit.version3.Test.HomePageTestForPostiveAndNegativeFlow" name="SearchFunctionalityUsingKeySkill" time="13.818">
    <system-out>
      <![CDATA[search field is displayed or not----------true
Search field are working as excepted
Search field are working as excepted
Search field are working as excepted
Search field are working as excepted
Search field are working as excepted
Search field are working as excepted
Search field are working as excepted
Search field are working as excepted
Search field are working as excepted
<a href='C:\Users\TTS-USER\AppData\Local\TempSearchFieldForKeySkillLists---2023-08-01 15-56-44.png'> <img src='C:\Users\TTS-USER\AppData\Local\TempSearchFieldForKeySkillLists---2023-08-01 15-56-44.png' height='100' width='100'/> </a>]]>
    </system-out>
  </testcase> <!-- SearchFunctionalityUsingKeySkill -->
  <testcase classname="com.Screenit.version3.Test.HomePageTestForPostiveAndNegativeFlow" name="SearchFunctionalityUsingUniqueID" time="43.622">
    <system-out>
      <![CDATA[search field is displayed or not----------true
<a href='C:\Users\TTS-USER\AppData\Local\TempSearchFieldForIDLists---2023-08-01 15-57-27.png'> <img src='C:\Users\TTS-USER\AppData\Local\TempSearchFieldForIDLists---2023-08-01 15-57-27.png' height='100' width='100'/> </a>]]>
    </system-out>
  </testcase> <!-- SearchFunctionalityUsingUniqueID -->
  <testcase classname="com.Screenit.version3.Test.HomePageTestForPostiveAndNegativeFlow" name="ScrollPageFunctionality" time="5.083"/>
  <testcase classname="com.Screenit.version3.Test.HomePageTestForPostiveAndNegativeFlow" name="CheckPostCardCountsFunctionality" time="152.615">
    <system-out>
      <![CDATA[profile counts are :2
profile counts matched to the upload resume counts
profile counts matched to the upload resume counts
<a href='C:\Users\TTS-USER\AppData\Local\TempUploadResumeProfilecount---2023-08-01 15-57-45.png'> <img src='C:\Users\TTS-USER\AppData\Local\TempUploadResumeProfilecount---2023-08-01 15-57-45.png' height='100' width='100'/> </a>
sechedule counts are :0
<a href='C:\Users\TTS-USER\AppData\Local\TempUploadResumeschedulecount---2023-08-01 15-58-31.png'> <img src='C:\Users\TTS-USER\AppData\Local\TempUploadResumeschedulecount---2023-08-01 15-58-31.png' height='100' width='100'/> </a>
sit counts are :0
<a href='C:\Users\TTS-USER\AppData\Local\TempUploadResumeSitcount---2023-08-01 15-59-16.png'> <img src='C:\Users\TTS-USER\AppData\Local\TempUploadResumeSitcount---2023-08-01 15-59-16.png' height='100' width='100'/> </a>
select counts are :0
<a href='C:\Users\TTS-USER\AppData\Local\TempUploadResumeselectedcount---2023-08-01 16-00-02.png'> <img src='C:\Users\TTS-USER\AppData\Local\TempUploadResumeselectedcount---2023-08-01 16-00-02.png' height='100' width='100'/> </a>]]>
    </system-out>
  </testcase> <!-- CheckPostCardCountsFunctionality -->
  <system-out>
    <![CDATA[The chrome browser is open now
The browser is maximize
Enter the Maild---------san111@screenit.io
Enter the Password-----Welcome@1
click the submit button
<a href='C:\Users\TTS-USER\AppData\Local\Temploginpagewithpostivedata---2023-08-01 15-55-27.png'> <img src='C:\Users\TTS-USER\AppData\Local\Temploginpagewithpostivedata---2023-08-01 15-55-27.png' height='100' width='100'/> </a>
succesfully login and navigate to the dashboard pagehttps://demo.screenit.io/#/dashboard_v3
Home icon is displayed or not-------true
Home button is displayed or not-------true
please check when clicking the Report button it shows ------Interview Report
please check when clicking the Report button it shows ------Schedulelist Report
upload button is displayed or not--------true
upload button is displayed or not--------true
bell notification is displayed or not--------true
profileicon is displayed or not--------true
profile lists are :----------Manage Profile
profile lists are :----------Account Setting
profile lists are :----------Signout
<a href='C:\Users\TTS-USER\AppData\Local\TempHomepagefunctionsdisplayed---2023-08-01 15-55-38.png'> <img src='C:\Users\TTS-USER\AppData\Local\TempHomepagefunctionsdisplayed---2023-08-01 15-55-38.png' height='100' width='100'/> </a>
post title is displayed or not-------true
check the PostTitle is ---------Recent JDs and IDs
total count of the post in the homepage-------10
<a href='C:\Users\TTS-USER\AppData\Local\TempTotalcountPostProfiles---2023-08-01 15-55-44.png'> <img src='C:\Users\TTS-USER\AppData\Local\TempTotalcountPostProfiles---2023-08-01 15-55-44.png' height='100' width='100'/> </a>
pagenation is displayed or not --------true
pagenation count of the page--10
pagenation count of the page--10
pagenation count of the page--10
pagenation count of the page--10
pagenation count of the page--10
pagenation count of the page--10
pagenation count of the page--10
pagenation count of the page--10
pagenation count of the page--10
pagenation count of the page--10
<a href='C:\Users\TTS-USER\AppData\Local\TempPagenationLists---2023-08-01 15-56-13.png'> <img src='C:\Users\TTS-USER\AppData\Local\TempPagenationLists---2023-08-01 15-56-13.png' height='100' width='100'/> </a>
search field is displayed or not----------true
Search field are working as excepted
Search field are working as excepted
Search field are working as excepted
Search field are working as excepted
Search field are working as excepted
Search field are working as excepted
Search field are working as excepted
Search field are working as excepted
Search field are working as excepted
Search field are working as excepted
<a href='C:\Users\TTS-USER\AppData\Local\TempSearchFieldForTitleLists---2023-08-01 15-56-30.png'> <img src='C:\Users\TTS-USER\AppData\Local\TempSearchFieldForTitleLists---2023-08-01 15-56-30.png' height='100' width='100'/> </a>
search field is displayed or not----------true
Search field are working as excepted
Search field are working as excepted
Search field are working as excepted
Search field are working as excepted
Search field are working as excepted
Search field are working as excepted
Search field are working as excepted
Search field are working as excepted
Search field are working as excepted
<a href='C:\Users\TTS-USER\AppData\Local\TempSearchFieldForKeySkillLists---2023-08-01 15-56-44.png'> <img src='C:\Users\TTS-USER\AppData\Local\TempSearchFieldForKeySkillLists---2023-08-01 15-56-44.png' height='100' width='100'/> </a>
search field is displayed or not----------true
<a href='C:\Users\TTS-USER\AppData\Local\TempSearchFieldForIDLists---2023-08-01 15-57-27.png'> <img src='C:\Users\TTS-USER\AppData\Local\TempSearchFieldForIDLists---2023-08-01 15-57-27.png' height='100' width='100'/> </a>
profile counts are :2
profile counts matched to the upload resume counts
profile counts matched to the upload resume counts
<a href='C:\Users\TTS-USER\AppData\Local\TempUploadResumeProfilecount---2023-08-01 15-57-45.png'> <img src='C:\Users\TTS-USER\AppData\Local\TempUploadResumeProfilecount---2023-08-01 15-57-45.png' height='100' width='100'/> </a>
sechedule counts are :0
<a href='C:\Users\TTS-USER\AppData\Local\TempUploadResumeschedulecount---2023-08-01 15-58-31.png'> <img src='C:\Users\TTS-USER\AppData\Local\TempUploadResumeschedulecount---2023-08-01 15-58-31.png' height='100' width='100'/> </a>
sit counts are :0
<a href='C:\Users\TTS-USER\AppData\Local\TempUploadResumeSitcount---2023-08-01 15-59-16.png'> <img src='C:\Users\TTS-USER\AppData\Local\TempUploadResumeSitcount---2023-08-01 15-59-16.png' height='100' width='100'/> </a>
select counts are :0
<a href='C:\Users\TTS-USER\AppData\Local\TempUploadResumeselectedcount---2023-08-01 16-00-02.png'> <img src='C:\Users\TTS-USER\AppData\Local\TempUploadResumeselectedcount---2023-08-01 16-00-02.png' height='100' width='100'/> </a>]]>
  </system-out>
</testsuite> <!-- com.Screenit.version3.Test.HomePageTestForPostiveAndNegativeFlow -->
