<?xml version="1.0" encoding="UTF-8"?>
<!-- Generated by org.testng.reporters.JUnitReportReporter -->
<testsuite hostname="TTS-SCRIT-5" failures="0" tests="15" name="com.Screenit.version3.Test.UploadIdResumeTestForPostiveAndNegativeflow" time="366.761" errors="5" timestamp="2023-08-01T15:33:24 IST" skipped="0">
  <testcase classname="com.Screenit.version3.Test.UploadIdResumeTestForPostiveAndNegativeflow" name="login" time="13.475">
    <system-out>
      <![CDATA[Enter the Maild---------san111@screenit.io
Enter the Password-----Welcome@1
click the submit button
<a href='C:\Users\TTS-USER\AppData\Local\TemploginScreenshot---2023-08-01 15-31-07.png'> <img src='C:\Users\TTS-USER\AppData\Local\TemploginScreenshot---2023-08-01 15-31-07.png' height='100' width='100'/> </a>
succesfully login and navigate to the dashboard pagehttps://demo.screenit.io/#/dashboard_v3]]>
    </system-out>
  </testcase> <!-- login -->
  <testcase classname="com.Screenit.version3.Test.UploadIdResumeTestForPostiveAndNegativeflow" name="login" time="12.954">
    <system-out>
      <![CDATA[Enter the Maild---------san111@screenit.io
Enter the Password-----Welcome@1
click the submit button
<a href='C:\Users\TTS-USER\AppData\Local\TemploginScreenshot---2023-08-01 15-29-51.png'> <img src='C:\Users\TTS-USER\AppData\Local\TemploginScreenshot---2023-08-01 15-29-51.png' height='100' width='100'/> </a>
succesfully login and navigate to the dashboard pagehttps://demo.screenit.io/#/dashboard_v3]]>
    </system-out>
  </testcase> <!-- login -->
  <testcase classname="com.Screenit.version3.Test.UploadIdResumeTestForPostiveAndNegativeflow" name="login" time="13.867">
    <system-out>
      <![CDATA[Enter the Maild---------san111@screenit.io
Enter the Password-----Welcome@1
click the submit button
<a href='C:\Users\TTS-USER\AppData\Local\TemploginScreenshot---2023-08-01 15-28-36.png'> <img src='C:\Users\TTS-USER\AppData\Local\TemploginScreenshot---2023-08-01 15-28-36.png' height='100' width='100'/> </a>
succesfully login and navigate to the dashboard pagehttps://demo.screenit.io/#/dashboard_v3]]>
    </system-out>
  </testcase> <!-- login -->
  <testcase classname="com.Screenit.version3.Test.UploadIdResumeTestForPostiveAndNegativeflow" name="login" time="12.952">
    <system-out>
      <![CDATA[Enter the Maild---------san111@screenit.io
Enter the Password-----Welcome@1
click the submit button
<a href='C:\Users\TTS-USER\AppData\Local\TemploginScreenshot---2023-08-01 15-32-21.png'> <img src='C:\Users\TTS-USER\AppData\Local\TemploginScreenshot---2023-08-01 15-32-21.png' height='100' width='100'/> </a>
succesfully login and navigate to the dashboard pagehttps://demo.screenit.io/#/dashboard_v3]]>
    </system-out>
  </testcase> <!-- login -->
  <testcase classname="com.Screenit.version3.Test.UploadIdResumeTestForPostiveAndNegativeflow" name="login" time="12.968">
    <system-out>
      <![CDATA[Enter the Maild---------san111@screenit.io
Enter the Password-----Welcome@1
click the submit button
<a href='C:\Users\TTS-USER\AppData\Local\TemploginScreenshot---2023-08-01 15-27-21.png'> <img src='C:\Users\TTS-USER\AppData\Local\TemploginScreenshot---2023-08-01 15-27-21.png' height='100' width='100'/> </a>
succesfully login and navigate to the dashboard pagehttps://demo.screenit.io/#/dashboard_v3]]>
    </system-out>
  </testcase> <!-- login -->
  <testcase classname="com.Screenit.version3.Test.UploadIdResumeTestForPostiveAndNegativeflow" name="UploadSingleResumeWithPostive" time="13.568">
    <system-out>
      <![CDATA[<a href='C:\Users\TTS-USER\AppData\Local\TempResumeUploadedWithPostiveFileScreenshots---2023-08-01 15-32-37.png'> <img src='C:\Users\TTS-USER\AppData\Local\TempResumeUploadedWithPostiveFileScreenshots---2023-08-01 15-32-37.png' height='100' width='100'/> </a>
Candidate Resume Uploaded Successfully]]>
    </system-out>
  </testcase> <!-- UploadSingleResumeWithPostive -->
  <testcase classname="com.Screenit.version3.Test.UploadIdResumeTestForPostiveAndNegativeflow" name="UploadSingleResumeWithPostive" time="13.508">
    <system-out>
      <![CDATA[<a href='C:\Users\TTS-USER\AppData\Local\TempResumeUploadedWithPostiveFileScreenshots---2023-08-01 15-30-07.png'> <img src='C:\Users\TTS-USER\AppData\Local\TempResumeUploadedWithPostiveFileScreenshots---2023-08-01 15-30-07.png' height='100' width='100'/> </a>
Candidate Resume Uploaded Successfully]]>
    </system-out>
  </testcase> <!-- UploadSingleResumeWithPostive -->
  <testcase classname="com.Screenit.version3.Test.UploadIdResumeTestForPostiveAndNegativeflow" name="UploadSingleResumeWithPostive" time="13.602">
    <system-out>
      <![CDATA[<a href='C:\Users\TTS-USER\AppData\Local\TempResumeUploadedWithPostiveFileScreenshots---2023-08-01 15-27-36.png'> <img src='C:\Users\TTS-USER\AppData\Local\TempResumeUploadedWithPostiveFileScreenshots---2023-08-01 15-27-36.png' height='100' width='100'/> </a>
Candidate Resume Uploaded Successfully]]>
    </system-out>
  </testcase> <!-- UploadSingleResumeWithPostive -->
  <testcase classname="com.Screenit.version3.Test.UploadIdResumeTestForPostiveAndNegativeflow" name="UploadSingleResumeWithPostive" time="13.556">
    <system-out>
      <![CDATA[<a href='C:\Users\TTS-USER\AppData\Local\TempResumeUploadedWithPostiveFileScreenshots---2023-08-01 15-31-22.png'> <img src='C:\Users\TTS-USER\AppData\Local\TempResumeUploadedWithPostiveFileScreenshots---2023-08-01 15-31-22.png' height='100' width='100'/> </a>
Candidate Resume Uploaded Successfully]]>
    </system-out>
  </testcase> <!-- UploadSingleResumeWithPostive -->
  <testcase classname="com.Screenit.version3.Test.UploadIdResumeTestForPostiveAndNegativeflow" name="UploadSingleResumeWithPostive" time="13.680">
    <system-out>
      <![CDATA[<a href='C:\Users\TTS-USER\AppData\Local\TempResumeUploadedWithPostiveFileScreenshots---2023-08-01 15-28-52.png'> <img src='C:\Users\TTS-USER\AppData\Local\TempResumeUploadedWithPostiveFileScreenshots---2023-08-01 15-28-52.png' height='100' width='100'/> </a>
Candidate Resume Uploaded Successfully]]>
    </system-out>
  </testcase> <!-- UploadSingleResumeWithPostive -->
  <testcase classname="com.Screenit.version3.Test.UploadIdResumeTestForPostiveAndNegativeflow" name="UploadSingleResumeWithNegative" time="46.463">
    <error message="Cannot invoke &quot;org.openqa.selenium.WebElement.isDisplayed()&quot; because &quot;cancelbtn&quot; is null" type="java.lang.NullPointerException">
      <![CDATA[java.lang.NullPointerException: Cannot invoke "org.openqa.selenium.WebElement.isDisplayed()" because "cancelbtn" is null
at com.Screenit.version3.Pages.CandidateProfilePage.verifyUploadResumeWithNegativeFlow(CandidateProfilePage.java:121)
at com.Screenit.version3.Test.UploadIdResumeTestForPostiveAndNegativeflow.UploadSingleResumeWithNegative(UploadIdResumeTestForPostiveAndNegativeflow.java:102)
at java.base/jdk.internal.reflect.NativeMethodAccessorImpl.invoke0(Native Method)
at java.base/jdk.internal.reflect.NativeMethodAccessorImpl.invoke(NativeMethodAccessorImpl.java:77)
at java.base/jdk.internal.reflect.DelegatingMethodAccessorImpl.invoke(DelegatingMethodAccessorImpl.java:43)
at java.base/java.lang.reflect.Method.invoke(Method.java:568)
at org.testng.internal.invokers.MethodInvocationHelper.invokeMethod(MethodInvocationHelper.java:139)
at org.testng.internal.invokers.TestInvoker.invokeMethod(TestInvoker.java:664)
at org.testng.internal.invokers.TestInvoker.invokeTestMethod(TestInvoker.java:227)
at org.testng.internal.invokers.MethodRunner.runInSequence(MethodRunner.java:50)
at org.testng.internal.invokers.TestInvoker$MethodInvocationAgent.invoke(TestInvoker.java:957)
at org.testng.internal.invokers.TestInvoker.invokeTestMethods(TestInvoker.java:200)
at org.testng.internal.invokers.TestMethodWorker.invokeTestMethods(TestMethodWorker.java:148)
at org.testng.internal.invokers.TestMethodWorker.run(TestMethodWorker.java:128)
at java.base/java.util.ArrayList.forEach(ArrayList.java:1511)
at org.testng.TestRunner.privateRun(TestRunner.java:848)
at org.testng.TestRunner.run(TestRunner.java:621)
at org.testng.SuiteRunner.runTest(SuiteRunner.java:443)
at org.testng.SuiteRunner.runSequentially(SuiteRunner.java:437)
at org.testng.SuiteRunner.privateRun(SuiteRunner.java:397)
at org.testng.SuiteRunner.run(SuiteRunner.java:336)
at org.testng.SuiteRunnerWorker.runSuite(SuiteRunnerWorker.java:52)
at org.testng.SuiteRunnerWorker.run(SuiteRunnerWorker.java:95)
at org.testng.TestNG.runSuitesSequentially(TestNG.java:1280)
at org.testng.TestNG.runSuitesLocally(TestNG.java:1200)
at org.testng.TestNG.runSuites(TestNG.java:1114)
at org.testng.TestNG.run(TestNG.java:1082)
at org.testng.remote.AbstractRemoteTestNG.run(AbstractRemoteTestNG.java:115)
at org.testng.remote.RemoteTestNG.initAndRun(RemoteTestNG.java:251)
at org.testng.remote.RemoteTestNG.main(RemoteTestNG.java:77)
]]>
    </error>
    <system-out>
      <![CDATA[<a href='C:\Users\TTS-USER\AppData\Local\TempResumeUploadedWithNegativeFileScreenshots---2023-08-01 15-32-50.png'> <img src='C:\Users\TTS-USER\AppData\Local\TempResumeUploadedWithNegativeFileScreenshots---2023-08-01 15-32-50.png' height='100' width='100'/> </a>
upload file should be pdf or docx]]>
    </system-out>
  </testcase> <!-- UploadSingleResumeWithNegative -->
  <testcase classname="com.Screenit.version3.Test.UploadIdResumeTestForPostiveAndNegativeflow" name="UploadSingleResumeWithNegative" time="46.576">
    <error message="Cannot invoke &quot;org.openqa.selenium.WebElement.isDisplayed()&quot; because &quot;cancelbtn&quot; is null" type="java.lang.NullPointerException">
      <![CDATA[java.lang.NullPointerException: Cannot invoke "org.openqa.selenium.WebElement.isDisplayed()" because "cancelbtn" is null
at com.Screenit.version3.Pages.CandidateProfilePage.verifyUploadResumeWithNegativeFlow(CandidateProfilePage.java:121)
at com.Screenit.version3.Test.UploadIdResumeTestForPostiveAndNegativeflow.UploadSingleResumeWithNegative(UploadIdResumeTestForPostiveAndNegativeflow.java:102)
at java.base/jdk.internal.reflect.NativeMethodAccessorImpl.invoke0(Native Method)
at java.base/jdk.internal.reflect.NativeMethodAccessorImpl.invoke(NativeMethodAccessorImpl.java:77)
at java.base/jdk.internal.reflect.DelegatingMethodAccessorImpl.invoke(DelegatingMethodAccessorImpl.java:43)
at java.base/java.lang.reflect.Method.invoke(Method.java:568)
at org.testng.internal.invokers.MethodInvocationHelper.invokeMethod(MethodInvocationHelper.java:139)
at org.testng.internal.invokers.TestInvoker.invokeMethod(TestInvoker.java:664)
at org.testng.internal.invokers.TestInvoker.invokeTestMethod(TestInvoker.java:227)
at org.testng.internal.invokers.MethodRunner.runInSequence(MethodRunner.java:50)
at org.testng.internal.invokers.TestInvoker$MethodInvocationAgent.invoke(TestInvoker.java:957)
at org.testng.internal.invokers.TestInvoker.invokeTestMethods(TestInvoker.java:200)
at org.testng.internal.invokers.TestMethodWorker.invokeTestMethods(TestMethodWorker.java:148)
at org.testng.internal.invokers.TestMethodWorker.run(TestMethodWorker.java:128)
at java.base/java.util.ArrayList.forEach(ArrayList.java:1511)
at org.testng.TestRunner.privateRun(TestRunner.java:848)
at org.testng.TestRunner.run(TestRunner.java:621)
at org.testng.SuiteRunner.runTest(SuiteRunner.java:443)
at org.testng.SuiteRunner.runSequentially(SuiteRunner.java:437)
at org.testng.SuiteRunner.privateRun(SuiteRunner.java:397)
at org.testng.SuiteRunner.run(SuiteRunner.java:336)
at org.testng.SuiteRunnerWorker.runSuite(SuiteRunnerWorker.java:52)
at org.testng.SuiteRunnerWorker.run(SuiteRunnerWorker.java:95)
at org.testng.TestNG.runSuitesSequentially(TestNG.java:1280)
at org.testng.TestNG.runSuitesLocally(TestNG.java:1200)
at org.testng.TestNG.runSuites(TestNG.java:1114)
at org.testng.TestNG.run(TestNG.java:1082)
at org.testng.remote.AbstractRemoteTestNG.run(AbstractRemoteTestNG.java:115)
at org.testng.remote.RemoteTestNG.initAndRun(RemoteTestNG.java:251)
at org.testng.remote.RemoteTestNG.main(RemoteTestNG.java:77)
]]>
    </error>
    <system-out>
      <![CDATA[<a href='C:\Users\TTS-USER\AppData\Local\TempResumeUploadedWithNegativeFileScreenshots---2023-08-01 15-29-06.png'> <img src='C:\Users\TTS-USER\AppData\Local\TempResumeUploadedWithNegativeFileScreenshots---2023-08-01 15-29-06.png' height='100' width='100'/> </a>
upload file should be pdf or docx]]>
    </system-out>
  </testcase> <!-- UploadSingleResumeWithNegative -->
  <testcase classname="com.Screenit.version3.Test.UploadIdResumeTestForPostiveAndNegativeflow" name="UploadSingleResumeWithNegative" time="46.507">
    <error message="Cannot invoke &quot;org.openqa.selenium.WebElement.isDisplayed()&quot; because &quot;cancelbtn&quot; is null" type="java.lang.NullPointerException">
      <![CDATA[java.lang.NullPointerException: Cannot invoke "org.openqa.selenium.WebElement.isDisplayed()" because "cancelbtn" is null
at com.Screenit.version3.Pages.CandidateProfilePage.verifyUploadResumeWithNegativeFlow(CandidateProfilePage.java:121)
at com.Screenit.version3.Test.UploadIdResumeTestForPostiveAndNegativeflow.UploadSingleResumeWithNegative(UploadIdResumeTestForPostiveAndNegativeflow.java:102)
at java.base/jdk.internal.reflect.NativeMethodAccessorImpl.invoke0(Native Method)
at java.base/jdk.internal.reflect.NativeMethodAccessorImpl.invoke(NativeMethodAccessorImpl.java:77)
at java.base/jdk.internal.reflect.DelegatingMethodAccessorImpl.invoke(DelegatingMethodAccessorImpl.java:43)
at java.base/java.lang.reflect.Method.invoke(Method.java:568)
at org.testng.internal.invokers.MethodInvocationHelper.invokeMethod(MethodInvocationHelper.java:139)
at org.testng.internal.invokers.TestInvoker.invokeMethod(TestInvoker.java:664)
at org.testng.internal.invokers.TestInvoker.invokeTestMethod(TestInvoker.java:227)
at org.testng.internal.invokers.MethodRunner.runInSequence(MethodRunner.java:50)
at org.testng.internal.invokers.TestInvoker$MethodInvocationAgent.invoke(TestInvoker.java:957)
at org.testng.internal.invokers.TestInvoker.invokeTestMethods(TestInvoker.java:200)
at org.testng.internal.invokers.TestMethodWorker.invokeTestMethods(TestMethodWorker.java:148)
at org.testng.internal.invokers.TestMethodWorker.run(TestMethodWorker.java:128)
at java.base/java.util.ArrayList.forEach(ArrayList.java:1511)
at org.testng.TestRunner.privateRun(TestRunner.java:848)
at org.testng.TestRunner.run(TestRunner.java:621)
at org.testng.SuiteRunner.runTest(SuiteRunner.java:443)
at org.testng.SuiteRunner.runSequentially(SuiteRunner.java:437)
at org.testng.SuiteRunner.privateRun(SuiteRunner.java:397)
at org.testng.SuiteRunner.run(SuiteRunner.java:336)
at org.testng.SuiteRunnerWorker.runSuite(SuiteRunnerWorker.java:52)
at org.testng.SuiteRunnerWorker.run(SuiteRunnerWorker.java:95)
at org.testng.TestNG.runSuitesSequentially(TestNG.java:1280)
at org.testng.TestNG.runSuitesLocally(TestNG.java:1200)
at org.testng.TestNG.runSuites(TestNG.java:1114)
at org.testng.TestNG.run(TestNG.java:1082)
at org.testng.remote.AbstractRemoteTestNG.run(AbstractRemoteTestNG.java:115)
at org.testng.remote.RemoteTestNG.initAndRun(RemoteTestNG.java:251)
at org.testng.remote.RemoteTestNG.main(RemoteTestNG.java:77)
]]>
    </error>
    <system-out>
      <![CDATA[<a href='C:\Users\TTS-USER\AppData\Local\TempResumeUploadedWithNegativeFileScreenshots---2023-08-01 15-30-20.png'> <img src='C:\Users\TTS-USER\AppData\Local\TempResumeUploadedWithNegativeFileScreenshots---2023-08-01 15-30-20.png' height='100' width='100'/> </a>
upload file should be pdf or docx]]>
    </system-out>
  </testcase> <!-- UploadSingleResumeWithNegative -->
  <testcase classname="com.Screenit.version3.Test.UploadIdResumeTestForPostiveAndNegativeflow" name="UploadSingleResumeWithNegative" time="46.565">
    <error message="Cannot invoke &quot;org.openqa.selenium.WebElement.isDisplayed()&quot; because &quot;cancelbtn&quot; is null" type="java.lang.NullPointerException">
      <![CDATA[java.lang.NullPointerException: Cannot invoke "org.openqa.selenium.WebElement.isDisplayed()" because "cancelbtn" is null
at com.Screenit.version3.Pages.CandidateProfilePage.verifyUploadResumeWithNegativeFlow(CandidateProfilePage.java:121)
at com.Screenit.version3.Test.UploadIdResumeTestForPostiveAndNegativeflow.UploadSingleResumeWithNegative(UploadIdResumeTestForPostiveAndNegativeflow.java:102)
at java.base/jdk.internal.reflect.NativeMethodAccessorImpl.invoke0(Native Method)
at java.base/jdk.internal.reflect.NativeMethodAccessorImpl.invoke(NativeMethodAccessorImpl.java:77)
at java.base/jdk.internal.reflect.DelegatingMethodAccessorImpl.invoke(DelegatingMethodAccessorImpl.java:43)
at java.base/java.lang.reflect.Method.invoke(Method.java:568)
at org.testng.internal.invokers.MethodInvocationHelper.invokeMethod(MethodInvocationHelper.java:139)
at org.testng.internal.invokers.TestInvoker.invokeMethod(TestInvoker.java:664)
at org.testng.internal.invokers.TestInvoker.invokeTestMethod(TestInvoker.java:227)
at org.testng.internal.invokers.MethodRunner.runInSequence(MethodRunner.java:50)
at org.testng.internal.invokers.TestInvoker$MethodInvocationAgent.invoke(TestInvoker.java:957)
at org.testng.internal.invokers.TestInvoker.invokeTestMethods(TestInvoker.java:200)
at org.testng.internal.invokers.TestMethodWorker.invokeTestMethods(TestMethodWorker.java:148)
at org.testng.internal.invokers.TestMethodWorker.run(TestMethodWorker.java:128)
at java.base/java.util.ArrayList.forEach(ArrayList.java:1511)
at org.testng.TestRunner.privateRun(TestRunner.java:848)
at org.testng.TestRunner.run(TestRunner.java:621)
at org.testng.SuiteRunner.runTest(SuiteRunner.java:443)
at org.testng.SuiteRunner.runSequentially(SuiteRunner.java:437)
at org.testng.SuiteRunner.privateRun(SuiteRunner.java:397)
at org.testng.SuiteRunner.run(SuiteRunner.java:336)
at org.testng.SuiteRunnerWorker.runSuite(SuiteRunnerWorker.java:52)
at org.testng.SuiteRunnerWorker.run(SuiteRunnerWorker.java:95)
at org.testng.TestNG.runSuitesSequentially(TestNG.java:1280)
at org.testng.TestNG.runSuitesLocally(TestNG.java:1200)
at org.testng.TestNG.runSuites(TestNG.java:1114)
at org.testng.TestNG.run(TestNG.java:1082)
at org.testng.remote.AbstractRemoteTestNG.run(AbstractRemoteTestNG.java:115)
at org.testng.remote.RemoteTestNG.initAndRun(RemoteTestNG.java:251)
at org.testng.remote.RemoteTestNG.main(RemoteTestNG.java:77)
]]>
    </error>
    <system-out>
      <![CDATA[<a href='C:\Users\TTS-USER\AppData\Local\TempResumeUploadedWithNegativeFileScreenshots---2023-08-01 15-27-50.png'> <img src='C:\Users\TTS-USER\AppData\Local\TempResumeUploadedWithNegativeFileScreenshots---2023-08-01 15-27-50.png' height='100' width='100'/> </a>
upload file should be <3mb ]]>
    </system-out>
  </testcase> <!-- UploadSingleResumeWithNegative -->
  <testcase classname="com.Screenit.version3.Test.UploadIdResumeTestForPostiveAndNegativeflow" name="UploadSingleResumeWithNegative" time="46.520">
    <error message="Cannot invoke &quot;org.openqa.selenium.WebElement.isDisplayed()&quot; because &quot;cancelbtn&quot; is null" type="java.lang.NullPointerException">
      <![CDATA[java.lang.NullPointerException: Cannot invoke "org.openqa.selenium.WebElement.isDisplayed()" because "cancelbtn" is null
at com.Screenit.version3.Pages.CandidateProfilePage.verifyUploadResumeWithNegativeFlow(CandidateProfilePage.java:121)
at com.Screenit.version3.Test.UploadIdResumeTestForPostiveAndNegativeflow.UploadSingleResumeWithNegative(UploadIdResumeTestForPostiveAndNegativeflow.java:102)
at java.base/jdk.internal.reflect.NativeMethodAccessorImpl.invoke0(Native Method)
at java.base/jdk.internal.reflect.NativeMethodAccessorImpl.invoke(NativeMethodAccessorImpl.java:77)
at java.base/jdk.internal.reflect.DelegatingMethodAccessorImpl.invoke(DelegatingMethodAccessorImpl.java:43)
at java.base/java.lang.reflect.Method.invoke(Method.java:568)
at org.testng.internal.invokers.MethodInvocationHelper.invokeMethod(MethodInvocationHelper.java:139)
at org.testng.internal.invokers.TestInvoker.invokeMethod(TestInvoker.java:664)
at org.testng.internal.invokers.TestInvoker.invokeTestMethod(TestInvoker.java:227)
at org.testng.internal.invokers.MethodRunner.runInSequence(MethodRunner.java:50)
at org.testng.internal.invokers.TestInvoker$MethodInvocationAgent.invoke(TestInvoker.java:957)
at org.testng.internal.invokers.TestInvoker.invokeTestMethods(TestInvoker.java:200)
at org.testng.internal.invokers.TestMethodWorker.invokeTestMethods(TestMethodWorker.java:148)
at org.testng.internal.invokers.TestMethodWorker.run(TestMethodWorker.java:128)
at java.base/java.util.ArrayList.forEach(ArrayList.java:1511)
at org.testng.TestRunner.privateRun(TestRunner.java:848)
at org.testng.TestRunner.run(TestRunner.java:621)
at org.testng.SuiteRunner.runTest(SuiteRunner.java:443)
at org.testng.SuiteRunner.runSequentially(SuiteRunner.java:437)
at org.testng.SuiteRunner.privateRun(SuiteRunner.java:397)
at org.testng.SuiteRunner.run(SuiteRunner.java:336)
at org.testng.SuiteRunnerWorker.runSuite(SuiteRunnerWorker.java:52)
at org.testng.SuiteRunnerWorker.run(SuiteRunnerWorker.java:95)
at org.testng.TestNG.runSuitesSequentially(TestNG.java:1280)
at org.testng.TestNG.runSuitesLocally(TestNG.java:1200)
at org.testng.TestNG.runSuites(TestNG.java:1114)
at org.testng.TestNG.run(TestNG.java:1082)
at org.testng.remote.AbstractRemoteTestNG.run(AbstractRemoteTestNG.java:115)
at org.testng.remote.RemoteTestNG.initAndRun(RemoteTestNG.java:251)
at org.testng.remote.RemoteTestNG.main(RemoteTestNG.java:77)
]]>
    </error>
    <system-out>
      <![CDATA[<a href='C:\Users\TTS-USER\AppData\Local\TempResumeUploadedWithNegativeFileScreenshots---2023-08-01 15-31-36.png'> <img src='C:\Users\TTS-USER\AppData\Local\TempResumeUploadedWithNegativeFileScreenshots---2023-08-01 15-31-36.png' height='100' width='100'/> </a>
upload file should be pdf or docx]]>
    </system-out>
  </testcase> <!-- UploadSingleResumeWithNegative -->
  <system-out>
    <![CDATA[The chrome browser is open now
The browser is maximize
Enter the Maild---------san111@screenit.io
Enter the Password-----Welcome@1
click the submit button
<a href='C:\Users\TTS-USER\AppData\Local\TemploginScreenshot---2023-08-01 15-27-21.png'> <img src='C:\Users\TTS-USER\AppData\Local\TemploginScreenshot---2023-08-01 15-27-21.png' height='100' width='100'/> </a>
succesfully login and navigate to the dashboard pagehttps://demo.screenit.io/#/dashboard_v3
<a href='C:\Users\TTS-USER\AppData\Local\TempResumeUploadedWithPostiveFileScreenshots---2023-08-01 15-27-36.png'> <img src='C:\Users\TTS-USER\AppData\Local\TempResumeUploadedWithPostiveFileScreenshots---2023-08-01 15-27-36.png' height='100' width='100'/> </a>
Candidate Resume Uploaded Successfully
<a href='C:\Users\TTS-USER\AppData\Local\TempResumeUploadedWithNegativeFileScreenshots---2023-08-01 15-27-50.png'> <img src='C:\Users\TTS-USER\AppData\Local\TempResumeUploadedWithNegativeFileScreenshots---2023-08-01 15-27-50.png' height='100' width='100'/> </a>
upload file should be <3mb 
The chrome browser is open now
The browser is maximize
Enter the Maild---------san111@screenit.io
Enter the Password-----Welcome@1
click the submit button
<a href='C:\Users\TTS-USER\AppData\Local\TemploginScreenshot---2023-08-01 15-28-36.png'> <img src='C:\Users\TTS-USER\AppData\Local\TemploginScreenshot---2023-08-01 15-28-36.png' height='100' width='100'/> </a>
succesfully login and navigate to the dashboard pagehttps://demo.screenit.io/#/dashboard_v3
<a href='C:\Users\TTS-USER\AppData\Local\TempResumeUploadedWithPostiveFileScreenshots---2023-08-01 15-28-52.png'> <img src='C:\Users\TTS-USER\AppData\Local\TempResumeUploadedWithPostiveFileScreenshots---2023-08-01 15-28-52.png' height='100' width='100'/> </a>
Candidate Resume Uploaded Successfully
<a href='C:\Users\TTS-USER\AppData\Local\TempResumeUploadedWithNegativeFileScreenshots---2023-08-01 15-29-06.png'> <img src='C:\Users\TTS-USER\AppData\Local\TempResumeUploadedWithNegativeFileScreenshots---2023-08-01 15-29-06.png' height='100' width='100'/> </a>
upload file should be pdf or docx
The chrome browser is open now
The browser is maximize
Enter the Maild---------san111@screenit.io
Enter the Password-----Welcome@1
click the submit button
<a href='C:\Users\TTS-USER\AppData\Local\TemploginScreenshot---2023-08-01 15-29-51.png'> <img src='C:\Users\TTS-USER\AppData\Local\TemploginScreenshot---2023-08-01 15-29-51.png' height='100' width='100'/> </a>
succesfully login and navigate to the dashboard pagehttps://demo.screenit.io/#/dashboard_v3
<a href='C:\Users\TTS-USER\AppData\Local\TempResumeUploadedWithPostiveFileScreenshots---2023-08-01 15-30-07.png'> <img src='C:\Users\TTS-USER\AppData\Local\TempResumeUploadedWithPostiveFileScreenshots---2023-08-01 15-30-07.png' height='100' width='100'/> </a>
Candidate Resume Uploaded Successfully
<a href='C:\Users\TTS-USER\AppData\Local\TempResumeUploadedWithNegativeFileScreenshots---2023-08-01 15-30-20.png'> <img src='C:\Users\TTS-USER\AppData\Local\TempResumeUploadedWithNegativeFileScreenshots---2023-08-01 15-30-20.png' height='100' width='100'/> </a>
upload file should be pdf or docx
The chrome browser is open now
The browser is maximize
Enter the Maild---------san111@screenit.io
Enter the Password-----Welcome@1
click the submit button
<a href='C:\Users\TTS-USER\AppData\Local\TemploginScreenshot---2023-08-01 15-31-07.png'> <img src='C:\Users\TTS-USER\AppData\Local\TemploginScreenshot---2023-08-01 15-31-07.png' height='100' width='100'/> </a>
succesfully login and navigate to the dashboard pagehttps://demo.screenit.io/#/dashboard_v3
<a href='C:\Users\TTS-USER\AppData\Local\TempResumeUploadedWithPostiveFileScreenshots---2023-08-01 15-31-22.png'> <img src='C:\Users\TTS-USER\AppData\Local\TempResumeUploadedWithPostiveFileScreenshots---2023-08-01 15-31-22.png' height='100' width='100'/> </a>
Candidate Resume Uploaded Successfully
<a href='C:\Users\TTS-USER\AppData\Local\TempResumeUploadedWithNegativeFileScreenshots---2023-08-01 15-31-36.png'> <img src='C:\Users\TTS-USER\AppData\Local\TempResumeUploadedWithNegativeFileScreenshots---2023-08-01 15-31-36.png' height='100' width='100'/> </a>
upload file should be pdf or docx
The chrome browser is open now
The browser is maximize
Enter the Maild---------san111@screenit.io
Enter the Password-----Welcome@1
click the submit button
<a href='C:\Users\TTS-USER\AppData\Local\TemploginScreenshot---2023-08-01 15-32-21.png'> <img src='C:\Users\TTS-USER\AppData\Local\TemploginScreenshot---2023-08-01 15-32-21.png' height='100' width='100'/> </a>
succesfully login and navigate to the dashboard pagehttps://demo.screenit.io/#/dashboard_v3
<a href='C:\Users\TTS-USER\AppData\Local\TempResumeUploadedWithPostiveFileScreenshots---2023-08-01 15-32-37.png'> <img src='C:\Users\TTS-USER\AppData\Local\TempResumeUploadedWithPostiveFileScreenshots---2023-08-01 15-32-37.png' height='100' width='100'/> </a>
Candidate Resume Uploaded Successfully
<a href='C:\Users\TTS-USER\AppData\Local\TempResumeUploadedWithNegativeFileScreenshots---2023-08-01 15-32-50.png'> <img src='C:\Users\TTS-USER\AppData\Local\TempResumeUploadedWithNegativeFileScreenshots---2023-08-01 15-32-50.png' height='100' width='100'/> </a>
upload file should be pdf or docx]]>
  </system-out>
</testsuite> <!-- com.Screenit.version3.Test.UploadIdResumeTestForPostiveAndNegativeflow -->
