<?xml version="1.0" encoding="UTF-8"?>
<!-- Generated by org.testng.reporters.JUnitReportReporter -->
<testsuite hostname="TTS-SCRIT-5" failures="0" tests="4" name="com.Screenit.version3.Test.CandidateEditPageTestForUploadIDPostiveAndNegativeFlow" time="80.423" errors="0" timestamp="2023-08-01T16:03:55 IST" skipped="0">
  <testcase classname="com.Screenit.version3.Test.CandidateEditPageTestForUploadIDPostiveAndNegativeFlow" name="login" time="18.516">
    <system-out>
      <![CDATA[Enter the Maild---------san111@screenit.io
Enter the Password-----Welcome@1
click the submit button
<a href='C:\Users\TTS-USER\AppData\Local\TemploginwithValiddata---2023-08-01 16-02-50.png'> <img src='C:\Users\TTS-USER\AppData\Local\TemploginwithValiddata---2023-08-01 16-02-50.png' height='100' width='100'/> </a>
succesfully login and navigate to the dashboard pagehttps://demo.screenit.io/#/dashboard_v3]]>
    </system-out>
  </testcase> <!-- login -->
  <testcase classname="com.Screenit.version3.Test.CandidateEditPageTestForUploadIDPostiveAndNegativeFlow" name="UploadSingleResume" time="47.647">
    <system-out>
      <![CDATA[<a href='C:\Users\TTS-USER\AppData\Local\TempUploadResumewithvalidfile---2023-08-01 16-03-07.png'> <img src='C:\Users\TTS-USER\AppData\Local\TempUploadResumewithvalidfile---2023-08-01 16-03-07.png' height='100' width='100'/> </a>
Verify positive message is not working java.lang.NullPointerException: Cannot invoke "org.openqa.selenium.WebElement.click()" because the return value of "com.Screenit.version3.Initializer.DriverFunctions.getElementByXpath(String)" is null]]>
    </system-out>
  </testcase> <!-- UploadSingleResume -->
  <testcase classname="com.Screenit.version3.Test.CandidateEditPageTestForUploadIDPostiveAndNegativeFlow" name="CandidateEditProfileWithOutFillAllTheField" time="4.914">
    <system-out>
      <![CDATA[<a href='C:\Users\TTS-USER\AppData\Local\TempEdit candidatewithoutfilled data---2023-08-01 16-03-54.png'> <img src='C:\Users\TTS-USER\AppData\Local\TempEdit candidatewithoutfilled data---2023-08-01 16-03-54.png' height='100' width='100'/> </a>
error message----* Enter the Name
error message----* Enter the Email
error message----* Enter the Mobile Number]]>
    </system-out>
  </testcase> <!-- CandidateEditProfileWithOutFillAllTheField -->
  <testcase classname="com.Screenit.version3.Test.CandidateEditPageTestForUploadIDPostiveAndNegativeFlow" name="CandidateEditProfileWithMandatoryField" time="9.346">
    <system-out>
      <![CDATA[<a href='C:\Users\TTS-USER\AppData\Local\TempEditCandidatewithvalidData---2023-08-01 16-03-45.png'> <img src='C:\Users\TTS-USER\AppData\Local\TempEditCandidatewithvalidData---2023-08-01 16-03-45.png' height='100' width='100'/> </a>]]>
    </system-out>
  </testcase> <!-- CandidateEditProfileWithMandatoryField -->
  <system-out>
    <![CDATA[The chrome browser is open now
The browser is maximize
Enter the Maild---------san111@screenit.io
Enter the Password-----Welcome@1
click the submit button
<a href='C:\Users\TTS-USER\AppData\Local\TemploginwithValiddata---2023-08-01 16-02-50.png'> <img src='C:\Users\TTS-USER\AppData\Local\TemploginwithValiddata---2023-08-01 16-02-50.png' height='100' width='100'/> </a>
succesfully login and navigate to the dashboard pagehttps://demo.screenit.io/#/dashboard_v3
<a href='C:\Users\TTS-USER\AppData\Local\TempUploadResumewithvalidfile---2023-08-01 16-03-07.png'> <img src='C:\Users\TTS-USER\AppData\Local\TempUploadResumewithvalidfile---2023-08-01 16-03-07.png' height='100' width='100'/> </a>
Verify positive message is not working java.lang.NullPointerException: Cannot invoke "org.openqa.selenium.WebElement.click()" because the return value of "com.Screenit.version3.Initializer.DriverFunctions.getElementByXpath(String)" is null
<a href='C:\Users\TTS-USER\AppData\Local\TempEditCandidatewithvalidData---2023-08-01 16-03-45.png'> <img src='C:\Users\TTS-USER\AppData\Local\TempEditCandidatewithvalidData---2023-08-01 16-03-45.png' height='100' width='100'/> </a>
<a href='C:\Users\TTS-USER\AppData\Local\TempEdit candidatewithoutfilled data---2023-08-01 16-03-54.png'> <img src='C:\Users\TTS-USER\AppData\Local\TempEdit candidatewithoutfilled data---2023-08-01 16-03-54.png' height='100' width='100'/> </a>
error message----* Enter the Name
error message----* Enter the Email
error message----* Enter the Mobile Number]]>
  </system-out>
</testsuite> <!-- com.Screenit.version3.Test.CandidateEditPageTestForUploadIDPostiveAndNegativeFlow -->
