<?xml version="1.0" encoding="UTF-8"?>
<!-- Generated by org.testng.reporters.JUnitReportReporter -->
<testsuite skipped="0" hostname="TTS-SCRIT-5" name="com.Screenit.version3.Test.FilterAndScoreTestForIdFlow" tests="2" failures="0" timestamp="15 Jun 2023 11:58:36 GMT" time="225.184" errors="0">
  <testcase name="loginFunctionality" time="63.331" classname="com.Screenit.version3.Test.FilterAndScoreTestForIdFlow"/>
  <testcase name="checkFilterByStatusForUploadedResume" time="161.853" classname="com.Screenit.version3.Test.FilterAndScoreTestForIdFlow"/>
</testsuite> <!-- com.Screenit.version3.Test.FilterAndScoreTestForIdFlow -->
