<?xml version="1.0" encoding="UTF-8"?>
<!-- Generated by org.testng.reporters.JUnitReportReporter -->
<testsuite skipped="0" hostname="TTS-SCRIT-5" name="com.Screenit.version3.pages.EditUploadID" tests="2" failures="0" timestamp="17 May 2023 09:39:41 GMT" time="24.439" errors="0">
  <testcase name="login" time="3.565" classname="com.Screenit.version3.pages.EditUploadID"/>
  <testcase name="EdituploadId" time="20.874" classname="com.Screenit.version3.pages.EditUploadID"/>
</testsuite> <!-- com.Screenit.version3.pages.EditUploadID -->
