<?xml version="1.0" encoding="UTF-8"?>
<!-- Generated by org.testng.reporters.JUnitReportReporter -->
<testsuite skipped="0" hostname="TTS-SCRIT-5" name="com.Screenit.version3.Test.SignupTestForPostiveAndNegativeFlow" tests="4" failures="0" timestamp="21 Jun 2023 06:47:57 GMT" time="289.691" errors="0">
  <testcase name="SignUpTestCasesForEmailIdAndMobileNumber" time="69.897" classname="com.Screenit.version3.Test.SignupTestForPostiveAndNegativeFlow"/>
  <testcase name="SignUpTestCasesForEmailIdAndMobileNumber" time="72.070" classname="com.Screenit.version3.Test.SignupTestForPostiveAndNegativeFlow"/>
  <testcase name="SignUpTestCasesForEmailIdAndMobileNumber" time="72.997" classname="com.Screenit.version3.Test.SignupTestForPostiveAndNegativeFlow"/>
  <testcase name="SignUpTestCasesForEmailIdAndMobileNumber" time="74.727" classname="com.Screenit.version3.Test.SignupTestForPostiveAndNegativeFlow"/>
</testsuite> <!-- com.Screenit.version3.Test.SignupTestForPostiveAndNegativeFlow -->
