<?xml version="1.0" encoding="UTF-8"?>
<!-- Generated by org.testng.reporters.JUnitReportReporter -->
<testsuite hostname="TTS-SCRIT-5" failures="0" tests="3" name="com.Screenit.version3.Test.ForgotPasswordTestForPostiveAndNegativeFlow" time="89.376" errors="0" timestamp="2023-07-31T16:02:16 IST" skipped="0">
  <testcase classname="com.Screenit.version3.Test.ForgotPasswordTestForPostiveAndNegativeFlow" name="forgetPassword" time="32.800">
    <system-out>
      <![CDATA[<a href='C:\Users\TTS-USER\AppData\Local\TempforgotpasswordwithNewMailId---2023-07-31 16-01-42.png'> <img src='C:\Users\TTS-USER\AppData\Local\TempforgotpasswordwithNewMailId---2023-07-31 16-01-42.png' height='100' width='100'/> </a>
please check the existing mail id -------Invalid User]]>
    </system-out>
  </testcase> <!-- forgetPassword -->
  <testcase classname="com.Screenit.version3.Test.ForgotPasswordTestForPostiveAndNegativeFlow" name="forgetPassword" time="28.234">
    <system-out>
      <![CDATA[<a href='C:\Users\TTS-USER\AppData\Local\TempforgotpasswordwithWrongMaildId---2023-07-31 16-02-10.png'> <img src='C:\Users\TTS-USER\AppData\Local\TempforgotpasswordwithWrongMaildId---2023-07-31 16-02-10.png' height='100' width='100'/> </a>
Please check the mailid-------* Enter the valid email]]>
    </system-out>
  </testcase> <!-- forgetPassword -->
  <testcase classname="com.Screenit.version3.Test.ForgotPasswordTestForPostiveAndNegativeFlow" name="forgetPassword" time="28.342">
    <system-out>
      <![CDATA[<a href='C:\Users\TTS-USER\AppData\Local\TempforgotpasswordwithExistingUser---2023-07-31 16-01-09.png'> <img src='C:\Users\TTS-USER\AppData\Local\TempforgotpasswordwithExistingUser---2023-07-31 16-01-09.png' height='100' width='100'/> </a>
forgetpassword succesfully-----Link to reset password is sent to your registered email!]]>
    </system-out>
  </testcase> <!-- forgetPassword -->
  <system-out>
    <![CDATA[The chrome browser is open now
The browser is maximize
<a href='C:\Users\TTS-USER\AppData\Local\TempforgotpasswordwithExistingUser---2023-07-31 16-01-09.png'> <img src='C:\Users\TTS-USER\AppData\Local\TempforgotpasswordwithExistingUser---2023-07-31 16-01-09.png' height='100' width='100'/> </a>
forgetpassword succesfully-----Link to reset password is sent to your registered email!
The chrome browser is open now
The browser is maximize
<a href='C:\Users\TTS-USER\AppData\Local\TempforgotpasswordwithNewMailId---2023-07-31 16-01-42.png'> <img src='C:\Users\TTS-USER\AppData\Local\TempforgotpasswordwithNewMailId---2023-07-31 16-01-42.png' height='100' width='100'/> </a>
please check the existing mail id -------Invalid User
The chrome browser is open now
The browser is maximize
<a href='C:\Users\TTS-USER\AppData\Local\TempforgotpasswordwithWrongMaildId---2023-07-31 16-02-10.png'> <img src='C:\Users\TTS-USER\AppData\Local\TempforgotpasswordwithWrongMaildId---2023-07-31 16-02-10.png' height='100' width='100'/> </a>
Please check the mailid-------* Enter the valid email]]>
  </system-out>
</testsuite> <!-- com.Screenit.version3.Test.ForgotPasswordTestForPostiveAndNegativeFlow -->
