<?xml version="1.0" encoding="UTF-8"?>
<!-- Generated by org.testng.reporters.JUnitReportReporter -->
<testsuite skipped="0" hostname="TTS-SCRIT-5" name="com.Screenit.version3.Test.SelectedPanelsAlreadyBlockedForSameTimingFlowForIAAS" tests="6" failures="0" timestamp="14 Jun 2023 12:52:11 GMT" time="580.559" errors="0">
  <testcase name="loginFunctionality" time="76.220" classname="com.Screenit.version3.Test.SelectedPanelsAlreadyBlockedForSameTimingFlowForIAAS"/>
  <testcase name="UploadIdFile" time="16.355" classname="com.Screenit.version3.Test.SelectedPanelsAlreadyBlockedForSameTimingFlowForIAAS"/>
  <testcase name="CreateInterviewerDescriptionIDwithclickPostButtonAndFilledTheMandatoryField" time="144.824" classname="com.Screenit.version3.Test.SelectedPanelsAlreadyBlockedForSameTimingFlowForIAAS"/>
  <testcase name="UploadSingleResumeWithPostive" time="49.194" classname="com.Screenit.version3.Test.SelectedPanelsAlreadyBlockedForSameTimingFlowForIAAS"/>
  <testcase name="SelectSetavailability" time="40.089" classname="com.Screenit.version3.Test.SelectedPanelsAlreadyBlockedForSameTimingFlowForIAAS"/>
  <testcase name="JavaDeveloperPostStatus" time="253.877" classname="com.Screenit.version3.Test.SelectedPanelsAlreadyBlockedForSameTimingFlowForIAAS"/>
</testsuite> <!-- com.Screenit.version3.Test.SelectedPanelsAlreadyBlockedForSameTimingFlowForIAAS -->
