<?xml version="1.0" encoding="UTF-8"?>
<!-- Generated by org.testng.reporters.JUnitReportReporter -->
<testsuite skipped="0" hostname="TTS-SCRIT-5" name="com.Screenit.version3.pages.CandidateEditForUploadID" tests="3" failures="0" timestamp="17 May 2023 10:30:31 GMT" time="27.167" errors="0">
  <testcase name="login" time="3.548" classname="com.Screenit.version3.pages.CandidateEditForUploadID"/>
  <testcase name="UploadSingleResume" time="8.880" classname="com.Screenit.version3.pages.CandidateEditForUploadID"/>
  <testcase name="CandidateEditProfile" time="14.739" classname="com.Screenit.version3.pages.CandidateEditForUploadID"/>
</testsuite> <!-- com.Screenit.version3.pages.CandidateEditForUploadID -->
