<?xml version="1.0" encoding="UTF-8"?>
<!-- Generated by org.testng.reporters.JUnitReportReporter -->
<testsuite skipped="0" hostname="TTS-SCRIT-5" name="com.Screenit.version3.pages.SelectedFlowForIAAS" tests="6" failures="0" timestamp="17 May 2023 11:04:54 GMT" time="271.929" errors="0">
  <testcase name="login" time="3.559" classname="com.Screenit.version3.pages.SelectedFlowForIAAS"/>
  <testcase name="uploadIDFile" time="6.540" classname="com.Screenit.version3.pages.SelectedFlowForIAAS"/>
  <testcase name="CreateInterviewerDescriptionID" time="24.054" classname="com.Screenit.version3.pages.SelectedFlowForIAAS"/>
  <testcase name="UploadSingleResume" time="13.069" classname="com.Screenit.version3.pages.SelectedFlowForIAAS"/>
  <testcase name="SelectSetavailability" time="15.668" classname="com.Screenit.version3.pages.SelectedFlowForIAAS"/>
  <testcase name="JavaDeveloperPostStatus" time="209.039" classname="com.Screenit.version3.pages.SelectedFlowForIAAS"/>
</testsuite> <!-- com.Screenit.version3.pages.SelectedFlowForIAAS -->
