<?xml version="1.0" encoding="UTF-8"?>
<!-- Generated by org.testng.reporters.JUnitReportReporter -->
<testsuite hostname="TTS-SCRIT-5" failures="0" tests="5" name="com.Screenit.version3.Test.UploadIDTestForPostiveAndNegativeFlow" time="560.776" errors="1" timestamp="2023-07-31T16:16:54 IST" skipped="0">
  <testcase classname="com.Screenit.version3.Test.UploadIDTestForPostiveAndNegativeFlow" name="loginFunctionality" time="14.039">
    <system-out>
      <![CDATA[Enter the Maild---------san111@screenit.io
Enter the Password-----Welcome@1
click the submit button
<a href='C:\Users\TTS-USER\AppData\Local\TempLoginscreenshots---2023-07-31 16-07-44.png'> <img src='C:\Users\TTS-USER\AppData\Local\TempLoginscreenshots---2023-07-31 16-07-44.png' height='100' width='100'/> </a>
succesfully login and navigate to the dashboard pagehttps://demo.screenit.io/#/dashboard_v3]]>
    </system-out>
  </testcase> <!-- loginFunctionality -->
  <testcase classname="com.Screenit.version3.Test.UploadIDTestForPostiveAndNegativeFlow" name="UploadIdFile" time="15.715">
    <system-out>
      <![CDATA[Title of the popup name--------Interviewer Description ID]]>
    </system-out>
  </testcase> <!-- UploadIdFile -->
  <testcase classname="com.Screenit.version3.Test.UploadIDTestForPostiveAndNegativeFlow" name="CreateInterviewerDescriptionIDwithclickPostButtonAndFilledTheMandatoryField" time="107.697">
    <system-out>
      <![CDATA[Title of the post popup name------Create Interviewer Description ID
Autopopulate name is working fine
Autopopulate date validity is working fine
sucessfully highlighted the overall experience-----Select Year *
1 year
2 years
3 years
4 years
5 years
6 years
7 years
8 years
9 years
10 years
11 years
12 years
13 years
14 years
15 years
16 years
17 years
18 years
19 years
20 years
21 years
sucessfully highlighted the months-----Select Month *
0 month
1 month
2 months
3 months
4 months
5 months
6 months
7 months
8 months
9 months
10 months
11 months
Selected primary skill are -----Core Java
Selected primary skill are -----Core Java
JIRA
selected secondary skills are :Agile methodologies
Auto populated resume attachment is working fine-----Java Developer.docx
<a href='C:\Users\TTS-USER\AppData\Local\TempPostCreatedWithMandatoryFieldScreenshot---2023-07-31 16-09-50.png'> <img src='C:\Users\TTS-USER\AppData\Local\TempPostCreatedWithMandatoryFieldScreenshot---2023-07-31 16-09-50.png' height='100' width='100'/> </a>
Post should be created successfully]]>
    </system-out>
  </testcase> <!-- CreateInterviewerDescriptionIDwithclickPostButtonAndFilledTheMandatoryField -->
  <testcase classname="com.Screenit.version3.Test.UploadIDTestForPostiveAndNegativeFlow" name="CreateInterviewerDescriptionIDWithClickResetButtonWithoutFilledAllTheField" time="130.647">
    <system-out>
      <![CDATA[Title of the popup name--------Interviewer Description ID
Title of the post popup name------Create Interviewer Description ID
Autopopulate name is working fine
Autopopulate date validity is working fine
sucessfully highlighted the overall experience-----Select Year *
1 year
2 years
3 years
4 years
5 years
6 years
7 years
8 years
9 years
10 years
11 years
12 years
13 years
14 years
15 years
16 years
17 years
18 years
19 years
20 years
21 years
sucessfully highlighted the months-----Select Month *
0 month
1 month
2 months
3 months
4 months
5 months
6 months
7 months
8 months
9 months
10 months
11 months
Selected primary skill are -----Core Java
Selected primary skill are -----Core Java
JIRA
selected secondary skills are :Agile methodologies
Auto populated resume attachment is working fine-----Java Developer.docx
<a href='C:\Users\TTS-USER\AppData\Local\TempPostNotCreatedwithoutFilledMandatoryFieldScreenshot---2023-07-31 16-11-57.png'> <img src='C:\Users\TTS-USER\AppData\Local\TempPostNotCreatedwithoutFilledMandatoryFieldScreenshot---2023-07-31 16-11-57.png' height='100' width='100'/> </a>
please check the job tittle is not working----* Enter the job title
please check the post validity is not working ---* Select post validity
please check the select the year is  not working----* Select the year
please check the select the month is  not working----* Select the month
please check the primary skill is not working-----* Select the primary skills
please check the job description is not working----* Enter the job description]]>
    </system-out>
  </testcase> <!-- CreateInterviewerDescriptionIDWithClickResetButtonWithoutFilledAllTheField -->
  <testcase classname="com.Screenit.version3.Test.UploadIDTestForPostiveAndNegativeFlow" name="CreateInterviewerDescriptionIDWithClickResetButtonAndFilledAllTheField" time="292.678">
    <error message="Cannot invoke &quot;org.openqa.selenium.WebElement.getText()&quot; because &quot;data2&quot; is null" type="java.lang.NullPointerException">
      <![CDATA[java.lang.NullPointerException: Cannot invoke "org.openqa.selenium.WebElement.getText()" because "data2" is null
at com.Screenit.version3.Pages.DashBoardPage.verifyPostCreatedOrNOT(DashBoardPage.java:888)
at com.Screenit.version3.Test.UploadIDTestForPostiveAndNegativeFlow.CreateInterviewerDescriptionIDWithClickResetButtonAndFilledAllTheField(UploadIDTestForPostiveAndNegativeFlow.java:207)
at java.base/jdk.internal.reflect.NativeMethodAccessorImpl.invoke0(Native Method)
at java.base/jdk.internal.reflect.NativeMethodAccessorImpl.invoke(NativeMethodAccessorImpl.java:77)
at java.base/jdk.internal.reflect.DelegatingMethodAccessorImpl.invoke(DelegatingMethodAccessorImpl.java:43)
at java.base/java.lang.reflect.Method.invoke(Method.java:568)
at org.testng.internal.invokers.MethodInvocationHelper.invokeMethod(MethodInvocationHelper.java:139)
at org.testng.internal.invokers.TestInvoker.invokeMethod(TestInvoker.java:664)
at org.testng.internal.invokers.TestInvoker.invokeTestMethod(TestInvoker.java:227)
at org.testng.internal.invokers.MethodRunner.runInSequence(MethodRunner.java:50)
at org.testng.internal.invokers.TestInvoker$MethodInvocationAgent.invoke(TestInvoker.java:957)
at org.testng.internal.invokers.TestInvoker.invokeTestMethods(TestInvoker.java:200)
at org.testng.internal.invokers.TestMethodWorker.invokeTestMethods(TestMethodWorker.java:148)
at org.testng.internal.invokers.TestMethodWorker.run(TestMethodWorker.java:128)
at java.base/java.util.ArrayList.forEach(ArrayList.java:1511)
at org.testng.TestRunner.privateRun(TestRunner.java:848)
at org.testng.TestRunner.run(TestRunner.java:621)
at org.testng.SuiteRunner.runTest(SuiteRunner.java:443)
at org.testng.SuiteRunner.runSequentially(SuiteRunner.java:437)
at org.testng.SuiteRunner.privateRun(SuiteRunner.java:397)
at org.testng.SuiteRunner.run(SuiteRunner.java:336)
at org.testng.SuiteRunnerWorker.runSuite(SuiteRunnerWorker.java:52)
at org.testng.SuiteRunnerWorker.run(SuiteRunnerWorker.java:95)
at org.testng.TestNG.runSuitesSequentially(TestNG.java:1280)
at org.testng.TestNG.runSuitesLocally(TestNG.java:1200)
at org.testng.TestNG.runSuites(TestNG.java:1114)
at org.testng.TestNG.run(TestNG.java:1082)
at org.testng.remote.AbstractRemoteTestNG.run(AbstractRemoteTestNG.java:115)
at org.testng.remote.RemoteTestNG.initAndRun(RemoteTestNG.java:251)
at org.testng.remote.RemoteTestNG.main(RemoteTestNG.java:77)
]]>
    </error>
    <system-out>
      <![CDATA[Title of the popup name--------Interviewer Description ID
Title of the post popup name------Create Interviewer Description ID
Autopopulate name is working fine
Autopopulate date validity is working fine
sucessfully highlighted the overall experience-----Select Year *
1 year
2 years
3 years
4 years
5 years
6 years
7 years
8 years
9 years
10 years
11 years
12 years
13 years
14 years
15 years
16 years
17 years
18 years
19 years
20 years
21 years
sucessfully highlighted the months-----Select Month *
0 month
1 month
2 months
3 months
4 months
5 months
6 months
7 months
8 months
9 months
10 months
11 months
Selected primary skill are -----Core Java
Selected primary skill are -----Core Java
JIRA
selected secondary skills are :Agile methodologies
Auto populated resume attachment is working fine-----Java Developer.docx
sucessfully highlighted the overall experience-----Select Year *
1 year
2 years
3 years
4 years
5 years
6 years
7 years
8 years
9 years
10 years
11 years
12 years
13 years
14 years
15 years
16 years
17 years
18 years
19 years
20 years
21 years
sucessfully highlighted the months-----Select Month *
0 month
1 month
2 months
3 months
4 months
5 months
6 months
7 months
8 months
9 months
10 months
11 months
Selected primary skill are -----Core Java
Selected primary skill are -----Core Java
JIRA
selected secondary skills are :Agile methodologies
selectattachement is not workingorg.openqa.selenium.ElementNotInteractableException: element not interactable
  (Session info: chrome=108.0.5359.95)
Build info: version: '3.141.59', revision: 'e82be7d358', time: '2018-11-14T08:17:03'
System info: host: 'TTS-SCRIT-5', ip: '10.10.12.58', os.name: 'Windows 10', os.arch: 'amd64', os.version: '10.0', java.version: '17.0.7'
Driver info: org.openqa.selenium.chrome.ChromeDriver
Capabilities {acceptInsecureCerts: false, browserName: chrome, browserVersion: 108.0.5359.95, chrome: {chromedriverVersion: 108.0.5359.71 (1e0e3868ee06..., userDataDir: C:\Users\TTS-USER\AppData\L...}, goog:chromeOptions: {debuggerAddress: localhost:64945}, javascriptEnabled: true, networkConnectionEnabled: false, pageLoadStrategy: normal, platform: WINDOWS, platformName: WINDOWS, proxy: Proxy(), setWindowRect: true, strictFileInteractability: false, timeouts: {implicit: 0, pageLoad: 300000, script: 30000}, unhandledPromptBehavior: dismiss and notify, webauthn:extension:credBlob: true, webauthn:extension:largeBlob: true, webauthn:virtualAuthenticators: true}
Session ID: 15956715728ea3a9b369002b1fc1dce5
<a href='C:\Users\TTS-USER\AppData\Local\TempPostCreatedwithFilledAllTheFieldScreenshot---2023-07-31 16-16-23.png'> <img src='C:\Users\TTS-USER\AppData\Local\TempPostCreatedwithFilledAllTheFieldScreenshot---2023-07-31 16-16-23.png' height='100' width='100'/> </a>]]>
    </system-out>
  </testcase> <!-- CreateInterviewerDescriptionIDWithClickResetButtonAndFilledAllTheField -->
  <system-out>
    <![CDATA[The chrome browser is open now
The browser is maximize
Enter the Maild---------san111@screenit.io
Enter the Password-----Welcome@1
click the submit button
<a href='C:\Users\TTS-USER\AppData\Local\TempLoginscreenshots---2023-07-31 16-07-44.png'> <img src='C:\Users\TTS-USER\AppData\Local\TempLoginscreenshots---2023-07-31 16-07-44.png' height='100' width='100'/> </a>
succesfully login and navigate to the dashboard pagehttps://demo.screenit.io/#/dashboard_v3
Title of the popup name--------Interviewer Description ID
Title of the post popup name------Create Interviewer Description ID
Autopopulate name is working fine
Autopopulate date validity is working fine
sucessfully highlighted the overall experience-----Select Year *
1 year
2 years
3 years
4 years
5 years
6 years
7 years
8 years
9 years
10 years
11 years
12 years
13 years
14 years
15 years
16 years
17 years
18 years
19 years
20 years
21 years
sucessfully highlighted the months-----Select Month *
0 month
1 month
2 months
3 months
4 months
5 months
6 months
7 months
8 months
9 months
10 months
11 months
Selected primary skill are -----Core Java
Selected primary skill are -----Core Java
JIRA
selected secondary skills are :Agile methodologies
Auto populated resume attachment is working fine-----Java Developer.docx
<a href='C:\Users\TTS-USER\AppData\Local\TempPostCreatedWithMandatoryFieldScreenshot---2023-07-31 16-09-50.png'> <img src='C:\Users\TTS-USER\AppData\Local\TempPostCreatedWithMandatoryFieldScreenshot---2023-07-31 16-09-50.png' height='100' width='100'/> </a>
Post should be created successfully
Title of the popup name--------Interviewer Description ID
Title of the post popup name------Create Interviewer Description ID
Autopopulate name is working fine
Autopopulate date validity is working fine
sucessfully highlighted the overall experience-----Select Year *
1 year
2 years
3 years
4 years
5 years
6 years
7 years
8 years
9 years
10 years
11 years
12 years
13 years
14 years
15 years
16 years
17 years
18 years
19 years
20 years
21 years
sucessfully highlighted the months-----Select Month *
0 month
1 month
2 months
3 months
4 months
5 months
6 months
7 months
8 months
9 months
10 months
11 months
Selected primary skill are -----Core Java
Selected primary skill are -----Core Java
JIRA
selected secondary skills are :Agile methodologies
Auto populated resume attachment is working fine-----Java Developer.docx
<a href='C:\Users\TTS-USER\AppData\Local\TempPostNotCreatedwithoutFilledMandatoryFieldScreenshot---2023-07-31 16-11-57.png'> <img src='C:\Users\TTS-USER\AppData\Local\TempPostNotCreatedwithoutFilledMandatoryFieldScreenshot---2023-07-31 16-11-57.png' height='100' width='100'/> </a>
please check the job tittle is not working----* Enter the job title
please check the post validity is not working ---* Select post validity
please check the select the year is  not working----* Select the year
please check the select the month is  not working----* Select the month
please check the primary skill is not working-----* Select the primary skills
please check the job description is not working----* Enter the job description
Title of the popup name--------Interviewer Description ID
Title of the post popup name------Create Interviewer Description ID
Autopopulate name is working fine
Autopopulate date validity is working fine
sucessfully highlighted the overall experience-----Select Year *
1 year
2 years
3 years
4 years
5 years
6 years
7 years
8 years
9 years
10 years
11 years
12 years
13 years
14 years
15 years
16 years
17 years
18 years
19 years
20 years
21 years
sucessfully highlighted the months-----Select Month *
0 month
1 month
2 months
3 months
4 months
5 months
6 months
7 months
8 months
9 months
10 months
11 months
Selected primary skill are -----Core Java
Selected primary skill are -----Core Java
JIRA
selected secondary skills are :Agile methodologies
Auto populated resume attachment is working fine-----Java Developer.docx
sucessfully highlighted the overall experience-----Select Year *
1 year
2 years
3 years
4 years
5 years
6 years
7 years
8 years
9 years
10 years
11 years
12 years
13 years
14 years
15 years
16 years
17 years
18 years
19 years
20 years
21 years
sucessfully highlighted the months-----Select Month *
0 month
1 month
2 months
3 months
4 months
5 months
6 months
7 months
8 months
9 months
10 months
11 months
Selected primary skill are -----Core Java
Selected primary skill are -----Core Java
JIRA
selected secondary skills are :Agile methodologies
selectattachement is not workingorg.openqa.selenium.ElementNotInteractableException: element not interactable
  (Session info: chrome=108.0.5359.95)
Build info: version: '3.141.59', revision: 'e82be7d358', time: '2018-11-14T08:17:03'
System info: host: 'TTS-SCRIT-5', ip: '10.10.12.58', os.name: 'Windows 10', os.arch: 'amd64', os.version: '10.0', java.version: '17.0.7'
Driver info: org.openqa.selenium.chrome.ChromeDriver
Capabilities {acceptInsecureCerts: false, browserName: chrome, browserVersion: 108.0.5359.95, chrome: {chromedriverVersion: 108.0.5359.71 (1e0e3868ee06..., userDataDir: C:\Users\TTS-USER\AppData\L...}, goog:chromeOptions: {debuggerAddress: localhost:64945}, javascriptEnabled: true, networkConnectionEnabled: false, pageLoadStrategy: normal, platform: WINDOWS, platformName: WINDOWS, proxy: Proxy(), setWindowRect: true, strictFileInteractability: false, timeouts: {implicit: 0, pageLoad: 300000, script: 30000}, unhandledPromptBehavior: dismiss and notify, webauthn:extension:credBlob: true, webauthn:extension:largeBlob: true, webauthn:virtualAuthenticators: true}
Session ID: 15956715728ea3a9b369002b1fc1dce5
<a href='C:\Users\TTS-USER\AppData\Local\TempPostCreatedwithFilledAllTheFieldScreenshot---2023-07-31 16-16-23.png'> <img src='C:\Users\TTS-USER\AppData\Local\TempPostCreatedwithFilledAllTheFieldScreenshot---2023-07-31 16-16-23.png' height='100' width='100'/> </a>]]>
  </system-out>
</testsuite> <!-- com.Screenit.version3.Test.UploadIDTestForPostiveAndNegativeFlow -->
