<?xml version="1.0" encoding="UTF-8"?>
<!-- Generated by org.testng.reporters.JUnitReportReporter -->
<testsuite skipped="3" hostname="TTS-SCRIT-5" name="com.Screenit.version3.pages.ForgotPasswordPostiveAndNegativeFlow" tests="6" failures="0" timestamp="27 May 2023 05:08:19 GMT" time="1.813" errors="3">
  <testcase name="forgetPassword" time="0.000" classname="com.Screenit.version3.pages.ForgotPasswordPostiveAndNegativeFlow">
    <skipped/>
  </testcase> <!-- forgetPassword -->
  <testcase name="setUp" time="0.632" classname="com.Screenit.version3.pages.ForgotPasswordPostiveAndNegativeFlow">
    <error type="io.github.bonigarcia.wdm.config.WebDriverManagerException" message="io.github.bonigarcia.wdm.config.WebDriverManagerException: java.net.UnknownHostException: chromedriver.storage.googleapis.com">
      <![CDATA[io.github.bonigarcia.wdm.config.WebDriverManagerException: io.github.bonigarcia.wdm.config.WebDriverManagerException: java.net.UnknownHostException: chromedriver.storage.googleapis.comat io.github.bonigarcia.wdm.WebDriverManager.handleException(WebDriverManager.java:1422)at io.github.bonigarcia.wdm.WebDriverManager.manage(WebDriverManager.java:1203)at io.github.bonigarcia.wdm.WebDriverManager.fallback(WebDriverManager.java:1438)at io.github.bonigarcia.wdm.WebDriverManager.handleException(WebDriverManager.java:1419)at io.github.bonigarcia.wdm.WebDriverManager.manage(WebDriverManager.java:1203)at io.github.bonigarcia.wdm.WebDriverManager.handleException(WebDriverManager.java:1412)at io.github.bonigarcia.wdm.WebDriverManager.manage(WebDriverManager.java:1203)at io.github.bonigarcia.wdm.WebDriverManager.setup(WebDriverManager.java:418)at com.Screenit.version3.pages.ForgotPasswordPostiveAndNegativeFlow.setUp(ForgotPasswordPostiveAndNegativeFlow.java:35)at sun.reflect.NativeMethodAccessorImpl.invoke0(Native Method)at sun.reflect.NativeMethodAccessorImpl.invoke(Unknown Source)at sun.reflect.DelegatingMethodAccessorImpl.invoke(Unknown Source)at java.lang.reflect.Method.invoke(Unknown Source)at org.testng.internal.MethodInvocationHelper.invokeMethod(MethodInvocationHelper.java:124)at org.testng.internal.MethodInvocationHelper.invokeMethodConsideringTimeout(MethodInvocationHelper.java:59)at org.testng.internal.Invoker.invokeConfigurationMethod(Invoker.java:451)at org.testng.internal.Invoker.invokeConfigurations(Invoker.java:222)at org.testng.internal.Invoker.invokeConfigurations(Invoker.java:142)at org.testng.TestRunner.beforeRun(TestRunner.java:529)at org.testng.TestRunner.run(TestRunner.java:497)at org.testng.SuiteRunner.runTest(SuiteRunner.java:455)at org.testng.SuiteRunner.runSequentially(SuiteRunner.java:450)at org.testng.SuiteRunner.privateRun(SuiteRunner.java:415)at org.testng.SuiteRunner.run(SuiteRunner.java:364)at org.testng.SuiteRunnerWorker.runSuite(SuiteRunnerWorker.java:52)at org.testng.SuiteRunnerWorker.run(SuiteRunnerWorker.java:84)at org.testng.TestNG.runSuitesSequentially(TestNG.java:1187)at org.testng.TestNG.runSuitesSequentially(TestNG.java:1183)at org.testng.TestNG.runSuitesLocally(TestNG.java:1116)at org.testng.TestNG.runSuites(TestNG.java:1028)at org.testng.TestNG.run(TestNG.java:996)at org.testng.remote.AbstractRemoteTestNG.run(AbstractRemoteTestNG.java:114)at org.testng.remote.RemoteTestNG.initAndRun(RemoteTestNG.java:251)at org.testng.remote.RemoteTestNG.main(RemoteTestNG.java:77)Caused by: io.github.bonigarcia.wdm.config.WebDriverManagerException: java.net.UnknownHostException: chromedriver.storage.googleapis.comat io.github.bonigarcia.wdm.WebDriverManager.getDriversFromXml(WebDriverManager.java:1576)at io.github.bonigarcia.wdm.managers.ChromeDriverManager.getDriverUrls(ChromeDriverManager.java:103)at io.github.bonigarcia.wdm.WebDriverManager.createUrlHandler(WebDriverManager.java:1443)at io.github.bonigarcia.wdm.WebDriverManager.download(WebDriverManager.java:1278)at io.github.bonigarcia.wdm.WebDriverManager.manage(WebDriverManager.java:1197)... 32 moreCaused by: java.net.UnknownHostException: chromedriver.storage.googleapis.comat java.net.InetAddress.getAllByName0(Unknown Source)at java.net.InetAddress.getAllByName(Unknown Source)at java.net.InetAddress.getAllByName(Unknown Source)at org.apache.hc.client5.http.SystemDefaultDnsResolver.resolve(SystemDefaultDnsResolver.java:43)at org.apache.hc.client5.http.impl.io.DefaultHttpClientConnectionOperator.connect(DefaultHttpClientConnectionOperator.java:118)at org.apache.hc.client5.http.impl.io.PoolingHttpClientConnectionManager.connect(PoolingHttpClientConnectionManager.java:396)at org.apache.hc.client5.http.impl.classic.InternalExecRuntime.connectEndpoint(InternalExecRuntime.java:158)at org.apache.hc.client5.http.impl.classic.InternalExecRuntime.connectEndpoint(InternalExecRuntime.java:168)at org.apache.hc.client5.http.impl.classic.ConnectExec.execute(ConnectExec.java:136)at org.apache.hc.client5.http.impl.classic.ExecChainElement.execute(ExecChainElement.java:51)at org.apache.hc.client5.http.impl.classic.ExecChainElement$1.proceed(ExecChainElement.java:57)at org.apache.hc.client5.http.impl.classic.ProtocolExec.execute(ProtocolExec.java:175)at org.apache.hc.client5.http.impl.classic.ExecChainElement.execute(ExecChainElement.java:51)at org.apache.hc.client5.http.impl.classic.ExecChainElement$1.proceed(ExecChainElement.java:57)at org.apache.hc.client5.http.impl.classic.HttpRequestRetryExec.execute(HttpRequestRetryExec.java:96)at org.apache.hc.client5.http.impl.classic.ExecChainElement.execute(ExecChainElement.java:51)at org.apache.hc.client5.http.impl.classic.ExecChainElement$1.proceed(ExecChainElement.java:57)at org.apache.hc.client5.http.impl.classic.ContentCompressionExec.execute(ContentCompressionExec.java:133)at org.apache.hc.client5.http.impl.classic.ExecChainElement.execute(ExecChainElement.java:51)at org.apache.hc.client5.http.impl.classic.ExecChainElement$1.proceed(ExecChainElement.java:57)at org.apache.hc.client5.http.impl.classic.RedirectExec.execute(RedirectExec.java:115)at org.apache.hc.client5.http.impl.classic.ExecChainElement.execute(ExecChainElement.java:51)at org.apache.hc.client5.http.impl.classic.InternalHttpClient.doExecute(InternalHttpClient.java:170)at org.apache.hc.client5.http.impl.classic.CloseableHttpClient.execute(CloseableHttpClient.java:75)at org.apache.hc.client5.http.impl.classic.CloseableHttpClient.execute(CloseableHttpClient.java:89)at io.github.bonigarcia.wdm.online.HttpClient.execute(HttpClient.java:158)at io.github.bonigarcia.wdm.WebDriverManager.getDriversFromXml(WebDriverManager.java:1561)... 36 more]]>
    </error>
  </testcase> <!-- setUp -->
  <testcase name="forgetPassword" time="0.000" classname="com.Screenit.version3.pages.ForgotPasswordPostiveAndNegativeFlow">
    <skipped/>
  </testcase> <!-- forgetPassword -->
  <testcase name="setUp" time="0.524" classname="com.Screenit.version3.pages.ForgotPasswordPostiveAndNegativeFlow">
    <error type="io.github.bonigarcia.wdm.config.WebDriverManagerException" message="io.github.bonigarcia.wdm.config.WebDriverManagerException: java.net.UnknownHostException: chromedriver.storage.googleapis.com">
      <![CDATA[io.github.bonigarcia.wdm.config.WebDriverManagerException: io.github.bonigarcia.wdm.config.WebDriverManagerException: java.net.UnknownHostException: chromedriver.storage.googleapis.comat io.github.bonigarcia.wdm.WebDriverManager.handleException(WebDriverManager.java:1422)at io.github.bonigarcia.wdm.WebDriverManager.manage(WebDriverManager.java:1203)at io.github.bonigarcia.wdm.WebDriverManager.fallback(WebDriverManager.java:1438)at io.github.bonigarcia.wdm.WebDriverManager.handleException(WebDriverManager.java:1419)at io.github.bonigarcia.wdm.WebDriverManager.manage(WebDriverManager.java:1203)at io.github.bonigarcia.wdm.WebDriverManager.handleException(WebDriverManager.java:1412)at io.github.bonigarcia.wdm.WebDriverManager.manage(WebDriverManager.java:1203)at io.github.bonigarcia.wdm.WebDriverManager.setup(WebDriverManager.java:418)at com.Screenit.version3.pages.ForgotPasswordPostiveAndNegativeFlow.setUp(ForgotPasswordPostiveAndNegativeFlow.java:35)at sun.reflect.NativeMethodAccessorImpl.invoke0(Native Method)at sun.reflect.NativeMethodAccessorImpl.invoke(Unknown Source)at sun.reflect.DelegatingMethodAccessorImpl.invoke(Unknown Source)at java.lang.reflect.Method.invoke(Unknown Source)at org.testng.internal.MethodInvocationHelper.invokeMethod(MethodInvocationHelper.java:124)at org.testng.internal.MethodInvocationHelper.invokeMethodConsideringTimeout(MethodInvocationHelper.java:59)at org.testng.internal.Invoker.invokeConfigurationMethod(Invoker.java:451)at org.testng.internal.Invoker.invokeConfigurations(Invoker.java:222)at org.testng.internal.Invoker.invokeConfigurations(Invoker.java:142)at org.testng.TestRunner.beforeRun(TestRunner.java:529)at org.testng.TestRunner.run(TestRunner.java:497)at org.testng.SuiteRunner.runTest(SuiteRunner.java:455)at org.testng.SuiteRunner.runSequentially(SuiteRunner.java:450)at org.testng.SuiteRunner.privateRun(SuiteRunner.java:415)at org.testng.SuiteRunner.run(SuiteRunner.java:364)at org.testng.SuiteRunnerWorker.runSuite(SuiteRunnerWorker.java:52)at org.testng.SuiteRunnerWorker.run(SuiteRunnerWorker.java:84)at org.testng.TestNG.runSuitesSequentially(TestNG.java:1187)at org.testng.TestNG.runSuitesSequentially(TestNG.java:1183)at org.testng.TestNG.runSuitesLocally(TestNG.java:1116)at org.testng.TestNG.runSuites(TestNG.java:1028)at org.testng.TestNG.run(TestNG.java:996)at org.testng.remote.AbstractRemoteTestNG.run(AbstractRemoteTestNG.java:114)at org.testng.remote.RemoteTestNG.initAndRun(RemoteTestNG.java:251)at org.testng.remote.RemoteTestNG.main(RemoteTestNG.java:77)Caused by: io.github.bonigarcia.wdm.config.WebDriverManagerException: java.net.UnknownHostException: chromedriver.storage.googleapis.comat io.github.bonigarcia.wdm.WebDriverManager.getDriversFromXml(WebDriverManager.java:1576)at io.github.bonigarcia.wdm.managers.ChromeDriverManager.getDriverUrls(ChromeDriverManager.java:103)at io.github.bonigarcia.wdm.WebDriverManager.createUrlHandler(WebDriverManager.java:1443)at io.github.bonigarcia.wdm.WebDriverManager.download(WebDriverManager.java:1278)at io.github.bonigarcia.wdm.WebDriverManager.manage(WebDriverManager.java:1197)... 32 moreCaused by: java.net.UnknownHostException: chromedriver.storage.googleapis.comat java.net.InetAddress.getAllByName0(Unknown Source)at java.net.InetAddress.getAllByName(Unknown Source)at java.net.InetAddress.getAllByName(Unknown Source)at org.apache.hc.client5.http.SystemDefaultDnsResolver.resolve(SystemDefaultDnsResolver.java:43)at org.apache.hc.client5.http.impl.io.DefaultHttpClientConnectionOperator.connect(DefaultHttpClientConnectionOperator.java:118)at org.apache.hc.client5.http.impl.io.PoolingHttpClientConnectionManager.connect(PoolingHttpClientConnectionManager.java:396)at org.apache.hc.client5.http.impl.classic.InternalExecRuntime.connectEndpoint(InternalExecRuntime.java:158)at org.apache.hc.client5.http.impl.classic.InternalExecRuntime.connectEndpoint(InternalExecRuntime.java:168)at org.apache.hc.client5.http.impl.classic.ConnectExec.execute(ConnectExec.java:136)at org.apache.hc.client5.http.impl.classic.ExecChainElement.execute(ExecChainElement.java:51)at org.apache.hc.client5.http.impl.classic.ExecChainElement$1.proceed(ExecChainElement.java:57)at org.apache.hc.client5.http.impl.classic.ProtocolExec.execute(ProtocolExec.java:175)at org.apache.hc.client5.http.impl.classic.ExecChainElement.execute(ExecChainElement.java:51)at org.apache.hc.client5.http.impl.classic.ExecChainElement$1.proceed(ExecChainElement.java:57)at org.apache.hc.client5.http.impl.classic.HttpRequestRetryExec.execute(HttpRequestRetryExec.java:96)at org.apache.hc.client5.http.impl.classic.ExecChainElement.execute(ExecChainElement.java:51)at org.apache.hc.client5.http.impl.classic.ExecChainElement$1.proceed(ExecChainElement.java:57)at org.apache.hc.client5.http.impl.classic.ContentCompressionExec.execute(ContentCompressionExec.java:133)at org.apache.hc.client5.http.impl.classic.ExecChainElement.execute(ExecChainElement.java:51)at org.apache.hc.client5.http.impl.classic.ExecChainElement$1.proceed(ExecChainElement.java:57)at org.apache.hc.client5.http.impl.classic.RedirectExec.execute(RedirectExec.java:115)at org.apache.hc.client5.http.impl.classic.ExecChainElement.execute(ExecChainElement.java:51)at org.apache.hc.client5.http.impl.classic.InternalHttpClient.doExecute(InternalHttpClient.java:170)at org.apache.hc.client5.http.impl.classic.CloseableHttpClient.execute(CloseableHttpClient.java:75)at org.apache.hc.client5.http.impl.classic.CloseableHttpClient.execute(CloseableHttpClient.java:89)at io.github.bonigarcia.wdm.online.HttpClient.execute(HttpClient.java:158)at io.github.bonigarcia.wdm.WebDriverManager.getDriversFromXml(WebDriverManager.java:1561)... 36 more]]>
    </error>
  </testcase> <!-- setUp -->
  <testcase name="setUp" time="0.657" classname="com.Screenit.version3.pages.ForgotPasswordPostiveAndNegativeFlow">
    <error type="io.github.bonigarcia.wdm.config.WebDriverManagerException" message="io.github.bonigarcia.wdm.config.WebDriverManagerException: java.net.UnknownHostException: chromedriver.storage.googleapis.com">
      <![CDATA[io.github.bonigarcia.wdm.config.WebDriverManagerException: io.github.bonigarcia.wdm.config.WebDriverManagerException: java.net.UnknownHostException: chromedriver.storage.googleapis.comat io.github.bonigarcia.wdm.WebDriverManager.handleException(WebDriverManager.java:1422)at io.github.bonigarcia.wdm.WebDriverManager.manage(WebDriverManager.java:1203)at io.github.bonigarcia.wdm.WebDriverManager.fallback(WebDriverManager.java:1438)at io.github.bonigarcia.wdm.WebDriverManager.handleException(WebDriverManager.java:1419)at io.github.bonigarcia.wdm.WebDriverManager.manage(WebDriverManager.java:1203)at io.github.bonigarcia.wdm.WebDriverManager.handleException(WebDriverManager.java:1412)at io.github.bonigarcia.wdm.WebDriverManager.manage(WebDriverManager.java:1203)at io.github.bonigarcia.wdm.WebDriverManager.setup(WebDriverManager.java:418)at com.Screenit.version3.pages.ForgotPasswordPostiveAndNegativeFlow.setUp(ForgotPasswordPostiveAndNegativeFlow.java:35)at sun.reflect.NativeMethodAccessorImpl.invoke0(Native Method)at sun.reflect.NativeMethodAccessorImpl.invoke(Unknown Source)at sun.reflect.DelegatingMethodAccessorImpl.invoke(Unknown Source)at java.lang.reflect.Method.invoke(Unknown Source)at org.testng.internal.MethodInvocationHelper.invokeMethod(MethodInvocationHelper.java:124)at org.testng.internal.MethodInvocationHelper.invokeMethodConsideringTimeout(MethodInvocationHelper.java:59)at org.testng.internal.Invoker.invokeConfigurationMethod(Invoker.java:451)at org.testng.internal.Invoker.invokeConfigurations(Invoker.java:222)at org.testng.internal.Invoker.invokeConfigurations(Invoker.java:142)at org.testng.TestRunner.beforeRun(TestRunner.java:529)at org.testng.TestRunner.run(TestRunner.java:497)at org.testng.SuiteRunner.runTest(SuiteRunner.java:455)at org.testng.SuiteRunner.runSequentially(SuiteRunner.java:450)at org.testng.SuiteRunner.privateRun(SuiteRunner.java:415)at org.testng.SuiteRunner.run(SuiteRunner.java:364)at org.testng.SuiteRunnerWorker.runSuite(SuiteRunnerWorker.java:52)at org.testng.SuiteRunnerWorker.run(SuiteRunnerWorker.java:84)at org.testng.TestNG.runSuitesSequentially(TestNG.java:1187)at org.testng.TestNG.runSuitesSequentially(TestNG.java:1183)at org.testng.TestNG.runSuitesLocally(TestNG.java:1116)at org.testng.TestNG.runSuites(TestNG.java:1028)at org.testng.TestNG.run(TestNG.java:996)at org.testng.remote.AbstractRemoteTestNG.run(AbstractRemoteTestNG.java:114)at org.testng.remote.RemoteTestNG.initAndRun(RemoteTestNG.java:251)at org.testng.remote.RemoteTestNG.main(RemoteTestNG.java:77)Caused by: io.github.bonigarcia.wdm.config.WebDriverManagerException: java.net.UnknownHostException: chromedriver.storage.googleapis.comat io.github.bonigarcia.wdm.WebDriverManager.getDriversFromXml(WebDriverManager.java:1576)at io.github.bonigarcia.wdm.managers.ChromeDriverManager.getDriverUrls(ChromeDriverManager.java:103)at io.github.bonigarcia.wdm.WebDriverManager.createUrlHandler(WebDriverManager.java:1443)at io.github.bonigarcia.wdm.WebDriverManager.download(WebDriverManager.java:1278)at io.github.bonigarcia.wdm.WebDriverManager.manage(WebDriverManager.java:1197)... 32 moreCaused by: java.net.UnknownHostException: chromedriver.storage.googleapis.comat java.net.InetAddress.getAllByName0(Unknown Source)at java.net.InetAddress.getAllByName(Unknown Source)at java.net.InetAddress.getAllByName(Unknown Source)at org.apache.hc.client5.http.SystemDefaultDnsResolver.resolve(SystemDefaultDnsResolver.java:43)at org.apache.hc.client5.http.impl.io.DefaultHttpClientConnectionOperator.connect(DefaultHttpClientConnectionOperator.java:118)at org.apache.hc.client5.http.impl.io.PoolingHttpClientConnectionManager.connect(PoolingHttpClientConnectionManager.java:396)at org.apache.hc.client5.http.impl.classic.InternalExecRuntime.connectEndpoint(InternalExecRuntime.java:158)at org.apache.hc.client5.http.impl.classic.InternalExecRuntime.connectEndpoint(InternalExecRuntime.java:168)at org.apache.hc.client5.http.impl.classic.ConnectExec.execute(ConnectExec.java:136)at org.apache.hc.client5.http.impl.classic.ExecChainElement.execute(ExecChainElement.java:51)at org.apache.hc.client5.http.impl.classic.ExecChainElement$1.proceed(ExecChainElement.java:57)at org.apache.hc.client5.http.impl.classic.ProtocolExec.execute(ProtocolExec.java:175)at org.apache.hc.client5.http.impl.classic.ExecChainElement.execute(ExecChainElement.java:51)at org.apache.hc.client5.http.impl.classic.ExecChainElement$1.proceed(ExecChainElement.java:57)at org.apache.hc.client5.http.impl.classic.HttpRequestRetryExec.execute(HttpRequestRetryExec.java:96)at org.apache.hc.client5.http.impl.classic.ExecChainElement.execute(ExecChainElement.java:51)at org.apache.hc.client5.http.impl.classic.ExecChainElement$1.proceed(ExecChainElement.java:57)at org.apache.hc.client5.http.impl.classic.ContentCompressionExec.execute(ContentCompressionExec.java:133)at org.apache.hc.client5.http.impl.classic.ExecChainElement.execute(ExecChainElement.java:51)at org.apache.hc.client5.http.impl.classic.ExecChainElement$1.proceed(ExecChainElement.java:57)at org.apache.hc.client5.http.impl.classic.RedirectExec.execute(RedirectExec.java:115)at org.apache.hc.client5.http.impl.classic.ExecChainElement.execute(ExecChainElement.java:51)at org.apache.hc.client5.http.impl.classic.InternalHttpClient.doExecute(InternalHttpClient.java:170)at org.apache.hc.client5.http.impl.classic.CloseableHttpClient.execute(CloseableHttpClient.java:75)at org.apache.hc.client5.http.impl.classic.CloseableHttpClient.execute(CloseableHttpClient.java:89)at io.github.bonigarcia.wdm.online.HttpClient.execute(HttpClient.java:158)at io.github.bonigarcia.wdm.WebDriverManager.getDriversFromXml(WebDriverManager.java:1561)... 36 more]]>
    </error>
  </testcase> <!-- setUp -->
  <testcase name="forgetPassword" time="0.000" classname="com.Screenit.version3.pages.ForgotPasswordPostiveAndNegativeFlow">
    <skipped/>
  </testcase> <!-- forgetPassword -->
</testsuite> <!-- com.Screenit.version3.pages.ForgotPasswordPostiveAndNegativeFlow -->
