<?xml version="1.0" encoding="UTF-8"?>
<!-- Generated by org.testng.reporters.JUnitReportReporter -->
<testsuite hostname="TTS-SCRIT-5" failures="0" tests="4" name="com.Screenit.version3.Test.SignupTestForPostiveAndNegativeFlow" time="143.168" errors="0" timestamp="2023-07-31T16:06:29 IST" skipped="0">
  <testcase classname="com.Screenit.version3.Test.SignupTestForPostiveAndNegativeFlow" name="SignUpTestCasesForEmailIdAndMobileNumber" time="38.754">
    <system-out>
      <![CDATA[click the signup button
Email field is displayed or not----true
Email field is displayed or not----true
<a href='C:\Users\TTS-USER\AppData\Local\TempSignuppagewithValidEmailAndInvalidMobilenumber---2023-07-31 16-05-13.png'> <img src='C:\Users\TTS-USER\AppData\Local\TempSignuppagewithValidEmailAndInvalidMobilenumber---2023-07-31 16-05-13.png' height='100' width='100'/> </a>
please check the mobile number-----* Enter valid mobile number]]>
    </system-out>
  </testcase> <!-- SignUpTestCasesForEmailIdAndMobileNumber -->
  <testcase classname="com.Screenit.version3.Test.SignupTestForPostiveAndNegativeFlow" name="SignUpTestCasesForEmailIdAndMobileNumber" time="35.897">
    <system-out>
      <![CDATA[click the signup button
Email field is displayed or not----true
Email field is displayed or not----true
<a href='C:\Users\TTS-USER\AppData\Local\TempSignuppagewithValidEmailAndMobileNumber---2023-07-31 16-04-35.png'> <img src='C:\Users\TTS-USER\AppData\Local\TempSignuppagewithValidEmailAndMobileNumber---2023-07-31 16-04-35.png' height='100' width='100'/> </a>]]>
    </system-out>
  </testcase> <!-- SignUpTestCasesForEmailIdAndMobileNumber -->
  <testcase classname="com.Screenit.version3.Test.SignupTestForPostiveAndNegativeFlow" name="SignUpTestCasesForEmailIdAndMobileNumber" time="34.255">
    <system-out>
      <![CDATA[click the signup button
Email field is displayed or not----true
Email field is displayed or not----true
<a href='C:\Users\TTS-USER\AppData\Local\TempSignuppagewithAlreadyExistingUser---2023-07-31 16-06-22.png'> <img src='C:\Users\TTS-USER\AppData\Local\TempSignuppagewithAlreadyExistingUser---2023-07-31 16-06-22.png' height='100' width='100'/> </a>
 please check the Already existing mail id and mobile number-----Email or Phone already exist]]>
    </system-out>
  </testcase> <!-- SignUpTestCasesForEmailIdAndMobileNumber -->
  <testcase classname="com.Screenit.version3.Test.SignupTestForPostiveAndNegativeFlow" name="SignUpTestCasesForEmailIdAndMobileNumber" time="34.262">
    <system-out>
      <![CDATA[click the signup button
Email field is displayed or not----true
Email field is displayed or not----true
<a href='C:\Users\TTS-USER\AppData\Local\TempSignuppagewithInValidEmailAndMobilenumber---2023-07-31 16-05-48.png'> <img src='C:\Users\TTS-USER\AppData\Local\TempSignuppagewithInValidEmailAndMobilenumber---2023-07-31 16-05-48.png' height='100' width='100'/> </a>
please check the email-----* Enter a valid email
please check the mobile number-----* Enter valid mobile number]]>
    </system-out>
  </testcase> <!-- SignUpTestCasesForEmailIdAndMobileNumber -->
  <system-out>
    <![CDATA[The chrome browser is open now
The browser is maximize
click the signup button
Email field is displayed or not----true
Email field is displayed or not----true
<a href='C:\Users\TTS-USER\AppData\Local\TempSignuppagewithValidEmailAndMobileNumber---2023-07-31 16-04-35.png'> <img src='C:\Users\TTS-USER\AppData\Local\TempSignuppagewithValidEmailAndMobileNumber---2023-07-31 16-04-35.png' height='100' width='100'/> </a>
The chrome browser is open now
The browser is maximize
click the signup button
Email field is displayed or not----true
Email field is displayed or not----true
<a href='C:\Users\TTS-USER\AppData\Local\TempSignuppagewithValidEmailAndInvalidMobilenumber---2023-07-31 16-05-13.png'> <img src='C:\Users\TTS-USER\AppData\Local\TempSignuppagewithValidEmailAndInvalidMobilenumber---2023-07-31 16-05-13.png' height='100' width='100'/> </a>
please check the mobile number-----* Enter valid mobile number
The chrome browser is open now
The browser is maximize
click the signup button
Email field is displayed or not----true
Email field is displayed or not----true
<a href='C:\Users\TTS-USER\AppData\Local\TempSignuppagewithInValidEmailAndMobilenumber---2023-07-31 16-05-48.png'> <img src='C:\Users\TTS-USER\AppData\Local\TempSignuppagewithInValidEmailAndMobilenumber---2023-07-31 16-05-48.png' height='100' width='100'/> </a>
please check the email-----* Enter a valid email
please check the mobile number-----* Enter valid mobile number
The chrome browser is open now
The browser is maximize
click the signup button
Email field is displayed or not----true
Email field is displayed or not----true
<a href='C:\Users\TTS-USER\AppData\Local\TempSignuppagewithAlreadyExistingUser---2023-07-31 16-06-22.png'> <img src='C:\Users\TTS-USER\AppData\Local\TempSignuppagewithAlreadyExistingUser---2023-07-31 16-06-22.png' height='100' width='100'/> </a>
 please check the Already existing mail id and mobile number-----Email or Phone already exist]]>
  </system-out>
</testsuite> <!-- com.Screenit.version3.Test.SignupTestForPostiveAndNegativeFlow -->
