<?xml version="1.0" encoding="UTF-8"?>
<!-- Generated by org.testng.reporters.JUnitReportReporter -->
<testsuite skipped="0" hostname="TTS-SCRIT-5" name="com.Screenit.version3.Test.LoginTestForPostiveAndNegativeFlow" tests="4" failures="0" timestamp="21 Jun 2023 06:47:57 GMT" time="312.792" errors="0">
  <testcase name="loginFunctionality" time="94.085" classname="com.Screenit.version3.Test.LoginTestForPostiveAndNegativeFlow"/>
  <testcase name="loginFunctionality" time="62.718" classname="com.Screenit.version3.Test.LoginTestForPostiveAndNegativeFlow"/>
  <testcase name="loginFunctionality" time="61.939" classname="com.Screenit.version3.Test.LoginTestForPostiveAndNegativeFlow"/>
  <testcase name="loginFunctionality" time="94.050" classname="com.Screenit.version3.Test.LoginTestForPostiveAndNegativeFlow"/>
</testsuite> <!-- com.Screenit.version3.Test.LoginTestForPostiveAndNegativeFlow -->
