<?xml version="1.0" encoding="UTF-8"?>
<!-- Generated by org.testng.reporters.JUnitReportReporter -->
<testsuite skipped="0" hostname="TTS-SCRIT-5" name="com.Screenit.version3.pages.HomepagePostiveAndNegativeScenerio" tests="8" failures="0" timestamp="24 May 2023 13:01:54 GMT" time="88.480" errors="0">
  <testcase name="login" time="3.992" classname="com.Screenit.version3.pages.HomepagePostiveAndNegativeScenerio"/>
  <testcase name="Homepagefunctionality" time="28.197" classname="com.Screenit.version3.pages.HomepagePostiveAndNegativeScenerio"/>
  <testcase name="PostFunctionality" time="3.259" classname="com.Screenit.version3.pages.HomepagePostiveAndNegativeScenerio"/>
  <testcase name="PagenationFunctionality" time="17.710" classname="com.Screenit.version3.pages.HomepagePostiveAndNegativeScenerio"/>
  <testcase name="SearchFunctionalityUsingTitle" time="12.692" classname="com.Screenit.version3.pages.HomepagePostiveAndNegativeScenerio"/>
  <testcase name="SearchFunctionalityUsingKeySkill" time="8.900" classname="com.Screenit.version3.pages.HomepagePostiveAndNegativeScenerio"/>
  <testcase name="SearchFunctionalityUsingUniqueID" time="8.657" classname="com.Screenit.version3.pages.HomepagePostiveAndNegativeScenerio"/>
  <testcase name="scrollPageFunctionality" time="5.073" classname="com.Screenit.version3.pages.HomepagePostiveAndNegativeScenerio"/>
</testsuite> <!-- com.Screenit.version3.pages.HomepagePostiveAndNegativeScenerio -->
