<?xml version="1.0" encoding="UTF-8"?>
<!-- Generated by org.testng.reporters.JUnitReportReporter -->
<testsuite skipped="0" hostname="TTS-SCRIT-5" name="com.Screenit.version3.Test.SignupTestForPostiveAndNegativeFlow" tests="4" failures="0" timestamp="11 Jul 2023 05:17:52 GMT" time="141.857" errors="0">
  <testcase name="SignUpTestCasesForEmailIdAndMobileNumber" time="35.646" classname="com.Screenit.version3.Test.SignupTestForPostiveAndNegativeFlow"/>
  <testcase name="SignUpTestCasesForEmailIdAndMobileNumber" time="34.816" classname="com.Screenit.version3.Test.SignupTestForPostiveAndNegativeFlow"/>
  <testcase name="SignUpTestCasesForEmailIdAndMobileNumber" time="35.899" classname="com.Screenit.version3.Test.SignupTestForPostiveAndNegativeFlow"/>
  <testcase name="SignUpTestCasesForEmailIdAndMobileNumber" time="35.496" classname="com.Screenit.version3.Test.SignupTestForPostiveAndNegativeFlow"/>
</testsuite> <!-- com.Screenit.version3.Test.SignupTestForPostiveAndNegativeFlow -->
