<?xml version="1.0" encoding="UTF-8"?>
<!-- Generated by org.testng.reporters.JUnitReportReporter -->
<testsuite skipped="0" hostname="TTS-SCRIT-5" name="com.Screenit.version3.Test.DeclineWithManualScheduleFlowForIAAS" tests="8" failures="0" timestamp="12 Jun 2023 05:42:14 GMT" time="570.113" errors="0">
  <testcase name="loginFunctionality" time="34.000" classname="com.Screenit.version3.Test.DeclineWithManualScheduleFlowForIAAS"/>
  <testcase name="UploadIdFile" time="15.682" classname="com.Screenit.version3.Test.DeclineWithManualScheduleFlowForIAAS"/>
  <testcase name="CreateInterviewerDescriptionIDwithclickPostButtonAndFilledTheMandatoryField" time="102.356" classname="com.Screenit.version3.Test.DeclineWithManualScheduleFlowForIAAS"/>
  <testcase name="UploadSingleResumeWithPostive" time="14.890" classname="com.Screenit.version3.Test.DeclineWithManualScheduleFlowForIAAS"/>
  <testcase name="SelectSetavailability" time="35.777" classname="com.Screenit.version3.Test.DeclineWithManualScheduleFlowForIAAS"/>
  <testcase name="JavaDeveloperPostStatusWithManualSchedule" time="126.748" classname="com.Screenit.version3.Test.DeclineWithManualScheduleFlowForIAAS"/>
  <testcase name="DeclinedStatusAfterSetavailability" time="21.394" classname="com.Screenit.version3.Test.DeclineWithManualScheduleFlowForIAAS"/>
  <testcase name="DeclineStatusAfterScheduleStatus" time="219.266" classname="com.Screenit.version3.Test.DeclineWithManualScheduleFlowForIAAS"/>
</testsuite> <!-- com.Screenit.version3.Test.DeclineWithManualScheduleFlowForIAAS -->
