<?xml version="1.0" encoding="UTF-8"?>
<!-- Generated by org.testng.reporters.JUnitReportReporter -->
<testsuite skipped="0" hostname="TTS-SCRIT-5" name="com.Screenit.version3.Test.RescheduleFlowForIAAS" tests="7" failures="0" timestamp="14 Jun 2023 07:56:35 GMT" time="921.361" errors="0">
  <testcase name="loginFunctionality" time="78.032" classname="com.Screenit.version3.Test.RescheduleFlowForIAAS"/>
  <testcase name="UploadIdFile" time="15.794" classname="com.Screenit.version3.Test.RescheduleFlowForIAAS"/>
  <testcase name="CreateInterviewerDescriptionIDwithclickPostButtonAndFilledTheMandatoryField" time="102.993" classname="com.Screenit.version3.Test.RescheduleFlowForIAAS"/>
  <testcase name="UploadSingleResumeWithPostive" time="14.959" classname="com.Screenit.version3.Test.RescheduleFlowForIAAS"/>
  <testcase name="SelectSetavailability" time="37.180" classname="com.Screenit.version3.Test.RescheduleFlowForIAAS"/>
  <testcase name="ScheduleWithRescheduleButtonFlow" time="252.641" classname="com.Screenit.version3.Test.RescheduleFlowForIAAS"/>
  <testcase name="CheckRescheduleWithManualScheduleStatus" time="419.762" classname="com.Screenit.version3.Test.RescheduleFlowForIAAS"/>
</testsuite> <!-- com.Screenit.version3.Test.RescheduleFlowForIAAS -->
