<?xml version="1.0" encoding="UTF-8"?>
<!-- Generated by org.testng.reporters.JUnitReportReporter -->
<testsuite skipped="0" hostname="TTS-SCRIT-5" name="com.Screenit.version3.pages.UploadsingleResume" tests="4" failures="0" timestamp="17 May 2023 10:01:46 GMT" time="30.796" errors="0">
  <testcase name="login" time="3.466" classname="com.Screenit.version3.pages.UploadsingleResume"/>
  <testcase name="login" time="3.559" classname="com.Screenit.version3.pages.UploadsingleResume"/>
  <testcase name="UploadSingleResume" time="11.839" classname="com.Screenit.version3.pages.UploadsingleResume"/>
  <testcase name="UploadSingleResume" time="11.932" classname="com.Screenit.version3.pages.UploadsingleResume"/>
</testsuite> <!-- com.Screenit.version3.pages.UploadsingleResume -->
