<?xml version="1.0" encoding="UTF-8"?>
<!-- Generated by org.testng.reporters.JUnitReportReporter -->
<testsuite skipped="0" hostname="TTS-SCRIT-5" name="com.Screenit.version3.Test.HomePageTestForPostiveAndNegativeFlow" tests="9" failures="0" timestamp="21 Jun 2023 06:47:57 GMT" time="363.675" errors="0">
  <testcase name="login" time="86.718" classname="com.Screenit.version3.Test.HomePageTestForPostiveAndNegativeFlow"/>
  <testcase name="HomepageFunctionality" time="8.863" classname="com.Screenit.version3.Test.HomePageTestForPostiveAndNegativeFlow"/>
  <testcase name="PostFunctionality" time="6.500" classname="com.Screenit.version3.Test.HomePageTestForPostiveAndNegativeFlow"/>
  <testcase name="PagenationFunctionality" time="29.880" classname="com.Screenit.version3.Test.HomePageTestForPostiveAndNegativeFlow"/>
  <testcase name="SearchFunctionalityUsingTitle" time="16.816" classname="com.Screenit.version3.Test.HomePageTestForPostiveAndNegativeFlow"/>
  <testcase name="SearchFunctionalityUsingKeySkill" time="13.953" classname="com.Screenit.version3.Test.HomePageTestForPostiveAndNegativeFlow"/>
  <testcase name="SearchFunctionalityUsingUniqueID" time="43.854" classname="com.Screenit.version3.Test.HomePageTestForPostiveAndNegativeFlow"/>
  <testcase name="ScrollPageFunctionality" time="5.110" classname="com.Screenit.version3.Test.HomePageTestForPostiveAndNegativeFlow"/>
  <testcase name="CheckPostCardCountsFunctionality" time="151.981" classname="com.Screenit.version3.Test.HomePageTestForPostiveAndNegativeFlow"/>
</testsuite> <!-- com.Screenit.version3.Test.HomePageTestForPostiveAndNegativeFlow -->
