<?xml version="1.0" encoding="UTF-8"?>
<!-- Generated by org.testng.reporters.JUnitReportReporter -->
<testsuite skipped="0" hostname="TTS-SCRIT-5" name="com.Screenit.version3.Test.ForgotPasswordTestForPostiveAndNegativeFlow" tests="3" failures="0" timestamp="21 Jun 2023 06:47:57 GMT" time="193.953" errors="0">
  <testcase name="forgetPassword" time="59.052" classname="com.Screenit.version3.Test.ForgotPasswordTestForPostiveAndNegativeFlow"/>
  <testcase name="forgetPassword" time="69.231" classname="com.Screenit.version3.Test.ForgotPasswordTestForPostiveAndNegativeFlow"/>
  <testcase name="forgetPassword" time="65.670" classname="com.Screenit.version3.Test.ForgotPasswordTestForPostiveAndNegativeFlow"/>
</testsuite> <!-- com.Screenit.version3.Test.ForgotPasswordTestForPostiveAndNegativeFlow -->
